[    0.000000] Initializing cgroup subsys cpuset
[    0.000000] Initializing cgroup subsys cpu
[    0.000000] Initializing cgroup subsys cpuacct
[    0.000000] Linux version 4.4.0-64-generic (buildd@lgw01-56) (gcc version 5.4.0 20160609 (Ubuntu 5.4.0-6ubuntu1~16.04.4) ) #85-Ubuntu SMP Mon Feb 20 11:50:30 UTC 2017 (Ubuntu 4.4.0-64.85-generic 4.4.44)
[    0.000000] Command line: BOOT_IMAGE=/boot/vmlinuz-4.4.0-64-generic root=UUID=9e3eb56f-ee2f-47aa-afaf-6f4e81766d8a ro console=tty1 console=ttyS0
[    0.000000] KERNEL supported cpus:
[    0.000000]   Intel GenuineIntel
[    0.000000]   AMD AuthenticAMD
[    0.000000]   Centaur CentaurHauls
[    0.000000] x86/fpu: xstate_offset[2]:  576, xstate_sizes[2]:  256
[    0.000000] x86/fpu: Supporting XSAVE feature 0x01: 'x87 floating point registers'
[    0.000000] x86/fpu: Supporting XSAVE feature 0x02: 'SSE registers'
[    0.000000] x86/fpu: Supporting XSAVE feature 0x04: 'AVX registers'
[    0.000000] x86/fpu: Enabled xstate features 0x7, context size is 832 bytes, using 'standard' format.
[    0.000000] x86/fpu: Using 'lazy' FPU context switches.
[    0.000000] e820: BIOS-provided physical RAM map:
[    0.000000] BIOS-e820: [mem 0x0000000000000000-0x000000000009fbff] usable
[    0.000000] BIOS-e820: [mem 0x000000000009fc00-0x000000000009ffff] reserved
[    0.000000] BIOS-e820: [mem 0x00000000000f0000-0x00000000000fffff] reserved
[    0.000000] BIOS-e820: [mem 0x0000000000100000-0x000000003ffeffff] usable
[    0.000000] BIOS-e820: [mem 0x000000003fff0000-0x000000003fffffff] ACPI data
[    0.000000] BIOS-e820: [mem 0x00000000fec00000-0x00000000fec00fff] reserved
[    0.000000] BIOS-e820: [mem 0x00000000fee00000-0x00000000fee00fff] reserved
[    0.000000] BIOS-e820: [mem 0x00000000fffc0000-0x00000000ffffffff] reserved
[    0.000000] NX (Execute Disable) protection: active
[    0.000000] SMBIOS 2.5 present.
[    0.000000] Hypervisor detected: KVM
[    0.000000] e820: last_pfn = 0x3fff0 max_arch_pfn = 0x400000000
[    0.000000] MTRR: Disabled
[    0.000000] x86/PAT: MTRRs disabled, skipping PAT initialization too.
[    0.000000] x86/PAT: Configuration [0-7]: WB  WT  UC- UC  WB  WT  UC- UC  
[    0.000000] CPU MTRRs all blank - virtualized system.
[    0.000000] found SMP MP-table at [mem 0x0009fff0-0x0009ffff] mapped at [ffff88000009fff0]
[    0.000000] Scanning 1 areas for low memory corruption
[    0.000000] RAMDISK: [mem 0x36238000-0x37113fff]
[    0.000000] ACPI: Early table checksum verification disabled
[    0.000000] ACPI: RSDP 0x00000000000E0000 000024 (v02 VBOX  )
[    0.000000] ACPI: XSDT 0x000000003FFF0030 00003C (v01 VBOX   VBOXXSDT 00000001 ASL  00000061)
[    0.000000] ACPI: FACP 0x000000003FFF00F0 0000F4 (v04 VBOX   VBOXFACP 00000001 ASL  00000061)
[    0.000000] ACPI: DSDT 0x000000003FFF0470 00210F (v01 VBOX   VBOXBIOS 00000002 INTL 20100528)
[    0.000000] ACPI: FACS 0x000000003FFF0200 000040
[    0.000000] ACPI: FACS 0x000000003FFF0200 000040
[    0.000000] ACPI: APIC 0x000000003FFF0240 00005C (v02 VBOX   VBOXAPIC 00000001 ASL  00000061)
[    0.000000] ACPI: SSDT 0x000000003FFF02A0 0001CC (v01 VBOX   VBOXCPUT 00000002 INTL 20100528)
[    0.000000] No NUMA configuration found
[    0.000000] Faking a node at [mem 0x0000000000000000-0x000000003ffeffff]
[    0.000000] NODE_DATA(0) allocated [mem 0x3ffeb000-0x3ffeffff]
[    0.000000] kvm-clock: Using msrs 4b564d01 and 4b564d00
[    0.000000] kvm-clock: cpu 0, msr 0:3ffe3001, primary cpu clock
[    0.000000] kvm-clock: using sched offset of 3368342032 cycles
[    0.000000] clocksource: kvm-clock: mask: 0xffffffffffffffff max_cycles: 0x1cd42e4dffb, max_idle_ns: 881590591483 ns
[    0.000000] Zone ranges:
[    0.000000]   DMA      [mem 0x0000000000001000-0x0000000000ffffff]
[    0.000000]   DMA32    [mem 0x0000000001000000-0x000000003ffeffff]
[    0.000000]   Normal   empty
[    0.000000]   Device   empty
[    0.000000] Movable zone start for each node
[    0.000000] Early memory node ranges
[    0.000000]   node   0: [mem 0x0000000000001000-0x000000000009efff]
[    0.000000]   node   0: [mem 0x0000000000100000-0x000000003ffeffff]
[    0.000000] Initmem setup node 0 [mem 0x0000000000001000-0x000000003ffeffff]
[    0.000000] ACPI: PM-Timer IO Port: 0x4008
[    0.000000] IOAPIC[0]: apic_id 2, version 32, address 0xfec00000, GSI 0-23
[    0.000000] ACPI: INT_SRC_OVR (bus 0 bus_irq 0 global_irq 2 dfl dfl)
[    0.000000] ACPI: INT_SRC_OVR (bus 0 bus_irq 9 global_irq 9 high level)
[    0.000000] Using ACPI (MADT) for SMP configuration information
[    0.000000] smpboot: Allowing 2 CPUs, 0 hotplug CPUs
[    0.000000] PM: Registered nosave memory: [mem 0x00000000-0x00000fff]
[    0.000000] PM: Registered nosave memory: [mem 0x0009f000-0x0009ffff]
[    0.000000] PM: Registered nosave memory: [mem 0x000a0000-0x000effff]
[    0.000000] PM: Registered nosave memory: [mem 0x000f0000-0x000fffff]
[    0.000000] e820: [mem 0x40000000-0xfebfffff] available for PCI devices
[    0.000000] Booting paravirtualized kernel on KVM
[    0.000000] clocksource: refined-jiffies: mask: 0xffffffff max_cycles: 0xffffffff, max_idle_ns: 7645519600211568 ns
[    0.000000] setup_percpu: NR_CPUS:512 nr_cpumask_bits:512 nr_cpu_ids:2 nr_node_ids:1
[    0.000000] PERCPU: Embedded 33 pages/cpu @ffff88003fc00000 s98264 r8192 d28712 u1048576
[    0.000000] PV qspinlock hash table entries: 256 (order: 0, 4096 bytes)
[    0.000000] Built 1 zonelists in Node order, mobility grouping on.  Total pages: 257913
[    0.000000] Policy zone: DMA32
[    0.000000] Kernel command line: BOOT_IMAGE=/boot/vmlinuz-4.4.0-64-generic root=UUID=9e3eb56f-ee2f-47aa-afaf-6f4e81766d8a ro console=tty1 console=ttyS0
[    0.000000] PID hash table entries: 4096 (order: 3, 32768 bytes)
[    0.000000] Memory: 997360K/1048120K available (8452K kernel code, 1293K rwdata, 3980K rodata, 1488K init, 1316K bss, 50760K reserved, 0K cma-reserved)
[    0.000000] SLUB: HWalign=64, Order=0-3, MinObjects=0, CPUs=2, Nodes=1
[    0.000000] Hierarchical RCU implementation.
[    0.000000] 	Build-time adjustment of leaf fanout to 64.
[    0.000000] 	RCU restricting CPUs from NR_CPUS=512 to nr_cpu_ids=2.
[    0.000000] RCU: Adjusting geometry for rcu_fanout_leaf=64, nr_cpu_ids=2
[    0.000000] NR_IRQS:33024 nr_irqs:440 16
[    0.000000] Console: colour VGA+ 80x25
[    0.000000] console [tty1] enabled
[    0.000000] console [ttyS0] enabled
[    0.000000] tsc: Detected 2699.998 MHz processor
[    3.499310] Calibrating delay loop (skipped) preset value.. 5399.99 BogoMIPS (lpj=10799992)
[    3.562147] pid_max: default: 32768 minimum: 301
[    3.563140] ACPI: Core revision 20150930
[    3.565526] ACPI: 2 ACPI AML tables successfully acquired and loaded
[    3.568802] Security Framework initialized
[    3.597134] Yama: becoming mindful.
[    3.606304] AppArmor: AppArmor initialized
[    3.607323] Dentry cache hash table entries: 131072 (order: 8, 1048576 bytes)
[    3.632771] Inode-cache hash table entries: 65536 (order: 7, 524288 bytes)
[    3.638378] Mount-cache hash table entries: 2048 (order: 2, 16384 bytes)
[    3.647789] Mountpoint-cache hash table entries: 2048 (order: 2, 16384 bytes)
[    3.656507] Initializing cgroup subsys io
[    3.665797] Initializing cgroup subsys memory
[    3.666753] Initializing cgroup subsys devices
[    3.677325] Initializing cgroup subsys freezer
[    3.706546] Initializing cgroup subsys net_cls
[    3.713501] Initializing cgroup subsys perf_event
[    3.716057] Initializing cgroup subsys net_prio
[    3.728840] Initializing cgroup subsys hugetlb
[    3.745508] Initializing cgroup subsys pids
[    3.782163] CPU: Physical Processor ID: 0
[    3.828135] CPU: Processor Core ID: 0
[    3.840458] mce: CPU supports 0 MCE banks
[    3.856193] Last level iTLB entries: 4KB 64, 2MB 8, 4MB 8
[    3.872968] Last level dTLB entries: 4KB 64, 2MB 0, 4MB 0, 1GB 4
[    3.888138] Freeing SMP alternatives memory: 32K (ffffffff820b9000 - ffffffff820c1000)
[    3.961496] ftrace: allocating 32123 entries in 126 pages
[    4.068020] smpboot: APIC(0) Converting physical 0 to logical package 0
[    4.099993] smpboot: Max logical packages: 1
[    4.150915] x2apic enabled
[    4.162304] Switched APIC routing to physical x2apic.
[    4.200960] ..TIMER: vector=0x30 apic1=0 pin1=2 apic2=-1 pin2=-1
[    4.315826] smpboot: CPU0: Intel(R) Core(TM) i5-5257U CPU @ 2.70GHz (family: 0x6, model: 0x3d, stepping: 0x4)
[    4.356242] Performance Events: unsupported p6 CPU model 61 no PMU driver, software events only.
[    4.373336] KVM setup paravirtual spinlock
[    4.401438] x86: Booting SMP configuration:
[    4.411770] .... node  #0, CPUs:      #1
[    4.412978] kvm-clock: cpu 1, msr 0:3ffe3041, secondary cpu clock
[    4.418092] mce: CPU supports 0 MCE banks
[    4.433881] x86: Booted up 1 node, 2 CPUs
[    4.438399] smpboot: Total of 2 processors activated (10799.99 BogoMIPS)
[    4.440245] devtmpfs: initialized
[    4.445514] evm: security.selinux
[    4.447769] evm: security.SMACK64
[    4.450164] evm: security.SMACK64EXEC
[    4.457891] evm: security.SMACK64TRANSMUTE
[    4.458830] evm: security.SMACK64MMAP
[    4.459683] evm: security.ima
[    4.460398] evm: security.capability
[    4.461781] clocksource: jiffies: mask: 0xffffffff max_cycles: 0xffffffff, max_idle_ns: 7645041785100000 ns
[    4.471465] pinctrl core: initialized pinctrl subsystem
[    4.479516] RTC time:  1:39:21, date: 02/24/17
[    4.488994] NET: Registered protocol family 16
[    4.507423] cpuidle: using governor ladder
[    4.534427] cpuidle: using governor menu
[    4.542159] PCCT header not found.
[    4.543506] ACPI: bus type PCI registered
[    4.552853] acpiphp: ACPI Hot Plug PCI Controller Driver version: 0.5
[    4.562445] PCI: Using configuration type 1 for base access
[    4.583923] ACPI: Added _OSI(Module Device)
[    4.587273] ACPI: Added _OSI(Processor Device)
[    4.589872] ACPI: Added _OSI(3.0 _SCP Extensions)
[    4.592723] ACPI: Added _OSI(Processor Aggregator Device)
[    4.596493] ACPI: Executed 1 blocks of module-level executable AML code
[    4.603842] ACPI: Interpreter enabled
[    4.611506] ACPI: (supports S0 S5)
[    4.612420] ACPI: Using IOAPIC for interrupt routing
[    4.630181] PCI: Using host bridge windows from ACPI; if necessary, use "pci=nocrs" and report a bug
[    4.644649] ACPI: PCI Root Bridge [PCI0] (domain 0000 [bus 00-ff])
[    4.655162] acpi PNP0A03:00: _OSC: OS supports [ASPM ClockPM Segments MSI]
[    4.668155] acpi PNP0A03:00: _OSC failed (AE_NOT_FOUND); disabling ASPM
[    4.679198] acpi PNP0A03:00: fail to add MMCONFIG information, can't access extended PCI configuration space under this bridge.
[    4.697783] PCI host bridge to bus 0000:00
[    4.701464] pci_bus 0000:00: root bus resource [io  0x0000-0x0cf7 window]
[    4.716530] pci_bus 0000:00: root bus resource [io  0x0d00-0xffff window]
[    4.726179] pci_bus 0000:00: root bus resource [mem 0x000a0000-0x000bffff window]
[    4.783496] pci_bus 0000:00: root bus resource [mem 0x40000000-0xffdfffff window]
[    4.785361] pci_bus 0000:00: root bus resource [bus 00-ff]
[    4.788542] pci 0000:00:01.1: legacy IDE quirk: reg 0x10: [io  0x01f0-0x01f7]
[    4.793377] pci 0000:00:01.1: legacy IDE quirk: reg 0x14: [io  0x03f6]
[    4.794659] pci 0000:00:01.1: legacy IDE quirk: reg 0x18: [io  0x0170-0x0177]
[    4.817142] pci 0000:00:01.1: legacy IDE quirk: reg 0x1c: [io  0x0376]
[    4.851161] pci 0000:00:07.0: quirk: [io  0x4000-0x403f] claimed by PIIX4 ACPI
[    4.867965] pci 0000:00:07.0: quirk: [io  0x4100-0x410f] claimed by PIIX4 SMB
[    4.908213] ACPI: PCI Interrupt Link [LNKA] (IRQs 5 9 10 *11)
[    4.942510] ACPI: PCI Interrupt Link [LNKB] (IRQs 5 9 10 *11)
[    5.005416] ACPI: PCI Interrupt Link [LNKC] (IRQs 5 9 *10 11)
[    5.044043] ACPI: PCI Interrupt Link [LNKD] (IRQs 5 *9 10 11)
[    5.073737] ACPI: Enabled 2 GPEs in block 00 to 07
[    5.083347] vgaarb: setting as boot device: PCI:0000:00:02.0
[    5.113976] vgaarb: device added: PCI:0000:00:02.0,decodes=io+mem,owns=io+mem,locks=none
[    5.124484] vgaarb: loaded
[    5.137575] vgaarb: bridge control possible 0000:00:02.0
[    5.147767] SCSI subsystem initialized
[    5.183163] ACPI: bus type USB registered
[    5.186805] usbcore: registered new interface driver usbfs
[    5.202025] usbcore: registered new interface driver hub
[    5.233045] usbcore: registered new device driver usb
[    5.253292] PCI: Using ACPI for IRQ routing
[    5.304208] NetLabel: Initializing
[    5.333531] NetLabel:  domain hash size = 128
[    5.376146] NetLabel:  protocols = UNLABELED CIPSOv4
[    5.388209] NetLabel:  unlabeled traffic allowed by default
[    5.437641] amd_nb: Cannot enumerate AMD northbridges
[    5.482225] clocksource: Switched to clocksource kvm-clock
[    5.543202] AppArmor: AppArmor Filesystem Enabled
[    5.623365] pnp: PnP ACPI init
[    5.669673] pnp: PnP ACPI: found 3 devices
[    5.721036] clocksource: acpi_pm: mask: 0xffffff max_cycles: 0xffffff, max_idle_ns: 2085701024 ns
[    5.778919] NET: Registered protocol family 2
[    5.780004] TCP established hash table entries: 8192 (order: 4, 65536 bytes)
[    5.798267] TCP bind hash table entries: 8192 (order: 5, 131072 bytes)
[    5.934457] TCP: Hash tables configured (established 8192 bind 8192)
[    6.067466] UDP hash table entries: 512 (order: 2, 16384 bytes)
[    6.168102] UDP-Lite hash table entries: 512 (order: 2, 16384 bytes)
[    6.290435] NET: Registered protocol family 1
[    6.345058] pci 0000:00:00.0: Limiting direct PCI/PCI transfers
[    6.416410] pci 0000:00:01.0: Activating ISA DMA hang workarounds
[    6.469998] Trying to unpack rootfs image as initramfs...
[    6.768723] Freeing initrd memory: 15216K (ffff880036238000 - ffff880037114000)
[    6.808202] RAPL PMU detected, API unit is 2^-32 Joules, 4 fixed counters 10737418240 ms ovfl timer
[    6.810124] hw unit of domain pp0-core 2^-0 Joules
[    6.846776] hw unit of domain package 2^-0 Joules
[    6.847785] hw unit of domain dram 2^-0 Joules
[    6.848732] hw unit of domain pp1-gpu 2^-0 Joules
[    6.895316] platform rtc_cmos: registered platform RTC device (no PNP device found)
[    6.922983] Scanning for low memory corruption every 60 seconds
[    6.955722] futex hash table entries: 512 (order: 3, 32768 bytes)
[    7.041213] audit: initializing netlink subsys (disabled)
[    7.042329] audit: type=2000 audit(1487900363.987:1): initialized
[    7.094600] Initialise system trusted keyring
[    7.103685] HugeTLB registered 2 MB page size, pre-allocated 0 pages
[    7.134621] zbud: loaded
[    7.155368] VFS: Disk quotas dquot_6.6.0
[    7.200306] VFS: Dquot-cache hash table entries: 512 (order 0, 4096 bytes)
[    7.201870] squashfs: version 4.0 (2009/01/31) Phillip Lougher
[    7.215653] fuse init (API version 7.23)
[    7.253825] Key type big_key registered
[    7.307199] Allocating IMA MOK and blacklist keyrings.
[    7.310050] Key type asymmetric registered
[    7.311974] Asymmetric key parser 'x509' registered
[    7.312837] Block layer SCSI generic (bsg) driver version 0.4 loaded (major 249)
[    7.314192] io scheduler noop registered
[    7.315106] io scheduler deadline registered (default)
[    7.316038] io scheduler cfq registered
[    7.317958] pci_hotplug: PCI Hot Plug PCI Core version: 0.5
[    7.319011] pciehp: PCI Express Hot Plug Controller Driver version: 0.4
[    7.320350] ACPI: AC Adapter [AC] (on-line)
[    7.333655] input: Power Button as /devices/LNXSYSTM:00/LNXPWRBN:00/input/input0
[    7.348883] ACPI: Power Button [PWRF]
[    7.349769] input: Sleep Button as /devices/LNXSYSTM:00/LNXSLPBN:00/input/input1
[    7.355781] ACPI: Sleep Button [SLPF]
[    7.359714] GHES: HEST is not enabled!
[    7.360607] ACPI: Battery Slot [BAT0] (battery present)
[    7.454686] Serial: 8250/16550 driver, 32 ports, IRQ sharing enabled
[    7.522079] 00:02: ttyS0 at I/O 0x3f8 (irq = 4, base_baud = 115200) is a 16550A
[    7.597049] Linux agpgart interface v0.103
[    7.630113] brd: module loaded
[    7.639807] loop: module loaded
[    7.644213] scsi host0: ata_piix
[    7.668037] scsi host1: ata_piix
[    7.679849] ata1: PATA max UDMA/33 cmd 0x1f0 ctl 0x3f6 bmdma 0xd000 irq 14
[    7.688770] ata2: PATA max UDMA/33 cmd 0x170 ctl 0x376 bmdma 0xd008 irq 15
[    7.896101] tsc: Refined TSC clocksource calibration: 2699.996 MHz
[    7.896103] clocksource: tsc: mask: 0xffffffffffffffff max_cycles: 0x26eb3a8a196, max_idle_ns: 440795235157 ns
[    8.555754] libphy: Fixed MDIO Bus: probed
[    8.696106] tun: Universal TUN/TAP device driver, 1.6
[    8.697159] tun: (C) 1999-2004 Max Krasnyansky <maxk@qualcomm.com>
[    8.698462] PPP generic driver version 2.4.2
[    8.699503] ehci_hcd: USB 2.0 'Enhanced' Host Controller (EHCI) Driver
[    8.712386] ehci-pci: EHCI PCI platform driver
[    8.720313] ehci-platform: EHCI generic platform driver
[    8.739108] ohci_hcd: USB 1.1 'Open' Host Controller (OHCI) Driver
[    8.748830] ohci-pci: OHCI PCI platform driver
[    8.757925] ohci-platform: OHCI generic platform driver
[    8.797031] uhci_hcd: USB Universal Host Controller Interface driver
[    8.802315] i8042: PNP: PS/2 Controller [PNP0303:PS2K,PNP0f03:PS2M] at 0x60,0x64 irq 1,12
[    8.925358] serio: i8042 KBD port at 0x60,0x64 irq 1
[    9.011998] serio: i8042 AUX port at 0x60,0x64 irq 12
[    9.134853] mousedev: PS/2 mouse device common for all mice
[    9.195251] input: AT Translated Set 2 keyboard as /devices/platform/i8042/serio0/input/input2
[    9.300886] rtc_cmos rtc_cmos: rtc core: registered rtc_cmos as rtc0
[    9.413872] rtc_cmos rtc_cmos: alarms up to one day, 114 bytes nvram
[    9.557565] i2c /dev entries driver
[    9.596658] device-mapper: uevent: version 1.0.3
[    9.597881] device-mapper: ioctl: 4.34.0-ioctl (2015-10-28) initialised: dm-devel@redhat.com
[    9.625568] ledtrig-cpu: registered to indicate activity on CPUs
[    9.657716] NET: Registered protocol family 10
[    9.679198] NET: Registered protocol family 17
[    9.710873] Key type dns_resolver registered
[    9.766588] microcode: CPU0 sig=0x306d4, pf=0x40, revision=0x0
[    9.781531] microcode: CPU1 sig=0x306d4, pf=0x40, revision=0x0
[    9.849278] microcode: Microcode Update Driver: v2.01 <tigran@aivazian.fsnet.co.uk>, Peter Oruba
[    9.927179] registered taskstats version 1
[    9.932522] Loading compiled-in X.509 certificates
[    9.934136] Loaded X.509 cert 'Build time autogenerated kernel key: 11f495fa9f4186f263f5fd144a167c99990e2f12'
[   10.140024] zswap: loaded using pool lzo/zbud
[   10.240713] Key type trusted registered
[   10.282134] Key type encrypted registered
[   10.320257] AppArmor: AppArmor sha1 policy hashing enabled
[   10.370727] ima: No TPM chip found, activating TPM-bypass!
[   10.431483] evm: HMAC attrs: 0x1
[   10.468410]   Magic number: 5:15:661
[   10.531301] block ram14: hash matches
[   10.613351] platform PNP0C0A:00: hash matches
[   10.627178] battery PNP0C0A:00: hash matches
[   10.705433] rtc_cmos rtc_cmos: setting system clock to 2017-02-24 01:39:28 UTC (1487900368)
[   10.869334] BIOS EDD facility v0.16 2004-Jun-25, 0 devices found
[   10.895992] EDD information not available.
[   10.908805] Freeing unused kernel memory: 1488K (ffffffff81f45000 - ffffffff820b9000)
[   11.001389] Write protecting the kernel read-only data: 14336k
[   11.045559] Freeing unused kernel memory: 1776K (ffff880001844000 - ffff880001a00000)
[   11.080805] Freeing unused kernel memory: 116K (ffff880001de3000 - ffff880001e00000)
Loading, please [   11.181197] random: systemd-udevd: uninitialized urandom read (16 bytes read, 7 bits of entropy available)
wait...
startin[   11.181759] random: udevadm: uninitialized urandom read (16 bytes read, 7 bits of entropy available)
g version 229
[   11.181797] random: udevadm: uninitialized urandom read (16 bytes read, 7 bits of entropy available)
[   11.181890] random: udevadm: uninitialized urandom read (16 bytes read, 7 bits of entropy available)
[   11.181924] random: udevadm: uninitialized urandom read (16 bytes read, 7 bits of entropy available)
[   11.181956] random: udevadm: uninitialized urandom read (16 bytes read, 7 bits of entropy available)
[   11.181989] random: udevadm: uninitialized urandom read (16 bytes read, 7 bits of entropy available)
[   11.182019] random: udevadm: uninitialized urandom read (16 bytes read, 7 bits of entropy available)
[   11.182050] random: udevadm: uninitialized urandom read (16 bytes read, 7 bits of entropy available)
[   11.182079] random: udevadm: uninitialized urandom read (16 bytes read, 7 bits of entropy available)
[   12.013475] e1000: Intel(R) PRO/1000 Network Driver - version 7.3.21-k8-NAPI
[   12.096905] e1000: Copyright (c) 1999-2006 Intel Corporation.
[   12.101800] Fusion MPT base driver 3.04.20
[   12.104315] Copyright (c) 1999-2008 LSI Corporation
[   12.139058] Fusion MPT SPI Host driver 3.04.20
[   12.161285] AVX version of gcm_enc/dec engaged.
[   12.227004] AES CTR mode by8 optimization enabled
[   12.250444] mptbase: ioc0: Initiating bringup
[   12.330615] ioc0: LSI53C1030 A0: Capabilities={Initiator}
[   12.451574] input: ImExPS/2 Generic Explorer Mouse as /devices/platform/i8042/serio1/input/input4
[   12.587039] scsi host2: ioc0: LSI53C1030 A0, FwRev=00000000h, Ports=1, MaxQ=256, IRQ=20
[   12.791359] scsi 2:0:0:0: Direct-Access     VBOX     HARDDISK         1.0  PQ: 0 ANSI: 5
[   12.885016] scsi target2:0:0: Beginning Domain Validation
[   12.932268] scsi target2:0:0: Domain Validation skipping write tests
[   13.062055] scsi target2:0:0: Ending Domain Validation
[   13.094451] scsi target2:0:0: asynchronous
[   13.142019] scsi 2:0:1:0: Direct-Access     VBOX     HARDDISK         1.0  PQ: 0 ANSI: 5
[   13.156422] scsi target2:0:1: Beginning Domain Validation
[   13.160222] scsi target2:0:1: Domain Validation skipping write tests
[   13.169861] scsi target2:0:1: Ending Domain Validation
[   13.172024] scsi target2:0:1: asynchronous
[   13.261137] sd 2:0:0:0: Attached scsi generic sg0 type 0
[   13.267510] sd 2:0:0:0: [sda] 20971520 512-byte logical blocks: (10.7 GB/10.0 GiB)
[   13.273650] sd 2:0:0:0: [sda] Write Protect is off
[   13.277036] sd 2:0:1:0: Attached scsi generic sg1 type 0
[   13.277875] sd 2:0:1:0: [sdb] 20480 512-byte logical blocks: (10.5 MB/10.0 MiB)
[   13.286293] sd 2:0:1:0: [sdb] Write Protect is off
[   13.288519] sd 2:0:0:0: [sda] Incomplete mode parameter data
[   13.289767] sd 2:0:0:0: [sda] Assuming drive cache: write through
[   13.290788] sd 2:0:1:0: [sdb] Incomplete mode parameter data
[   13.290789] sd 2:0:1:0: [sdb] Assuming drive cache: write through
[   13.303360]  sda: sda1
[   13.307186] sd 2:0:1:0: [sdb] Attached SCSI disk
[   13.314853] sd 2:0:0:0: [sda] Attached SCSI disk
[   13.425884] e1000 0000:00:03.0 eth0: (PCI:33MHz:32-bit) 02:6d:90:52:c7:b2
[   13.501368] e1000 0000:00:03.0 eth0: Intel(R) PRO/1000 Network Connection
[   13.576538] e1000 0000:00:03.0 enp0s3: renamed from eth0
[   15.128686] floppy0: no floppy controllers found
[   15.231695] work still pending
Begin: Loading essential drivers[   16.616824] md: linear personality registered for level -1
 ... [   16.737060] md: multipath personality registered for level -4
[   16.867573] md: raid0 personality registered for level 0
[   16.961823] md: raid1 personality registered for level 1
[   17.047229] raid6: sse2x1   gen()  9105 MB/s
[   17.154298] raid6: sse2x1   xor()  6797 MB/s
[   17.274615] raid6: sse2x2   gen() 11961 MB/s
[   17.442380] raid6: sse2x2   xor()  7650 MB/s
[   17.522339] raid6: sse2x4   gen()  9450 MB/s
[   17.686298] raid6: sse2x4   xor()  9275 MB/s
[   17.718495] raid6: using algorithm sse2x2 gen() 11961 MB/s
[   17.854554] raid6: .... xor() 7650 MB/s, rmw enabled
[   17.855604] raid6: using ssse3x2 recovery algorithm
[   17.966167] xor: automatically using best checksumming function:
[   18.078237]    avx       : 20281.000 MB/sec
[   18.127941] async_tx: api initialized (async)
[   18.271953] md: raid6 personality registered for level 6
[   18.363954] md: raid5 personality registered for level 5
[   18.506581] md: raid4 personality registered for level 4
[   18.568148] md: raid10 personality registered for level 10
done.
Begin: Running /scripts/init-premount ... done.
Begin: M[   18.642206] Btrfs loaded
ounting root file system ... Begin: Running /scripts/local-top ... done.
Begin: Running /scripts/local-premount ... Scanning for Btrfs filesystems
done.
Warning: fsck no[   18.731185] EXT4-fs (sda1): INFO: recovery required on readonly filesystem
t present, so sk[   18.894904] EXT4-fs (sda1): write access will be enabled during recovery
ipping root file system
[   19.100075] EXT4-fs (sda1): recovery complete
[   19.180658] EXT4-fs (sda1): mounted filesystem with ordered data mode. Opts: (null)
done.
Begin: Running /scripts/local-bottom ... done.
Begin: Running /scripts/init-bottom ... done.
[   19.438777] systemd[1]: systemd 229 running in system mode. (+PAM +AUDIT +SELINUX +IMA +APPARMOR +SMACK +SYSVINIT +UTMP +LIBCRYPTSETUP +GCRYPT +GNUTLS +ACL +XZ -LZ4 +SECCOMP +BLKID +ELFUTILS +KMOD -IDN)
[   19.617218] systemd[1]: Detected virtualization oracle.
[   19.628361] systemd[1]: Detected architecture x86-64.

Welcome to [1mUbuntu 16.04.1 LTS[0m!

[   19.651113] systemd[1]: Set hostname to <ubuntu-xenial>.
[   19.812076] random: nonblocking pool is initialized
[   19.888091] systemd[1]: Started Forward Password Requests to Wall Directory Watch.
[[0;32m  OK  [0m] Started Forward Password Requests to Wall Directory Watch.
[   20.043192] systemd[1]: Reached target Swap.
[[0;32m  OK  [0m] Reached target Swap.
[   20.151502] systemd[1]: Listening on udev Control Socket.
[[0;32m  OK  [0m] Listening on udev Control Socket.
[   20.191365] systemd[1]: Listening on /dev/initctl Compatibility Named Pipe.
[[0;32m  OK  [0m] Listening on /dev/initctl Compatibility Named Pipe.
[   20.203417] systemd[1]: Listening on Journal Socket.
[[0;32m  OK  [0m] Listening on Journal Socket.
[   20.206038] systemd[1]: Listening on Journal Socket (/dev/log).
[[0;32m  OK  [0m] Listening on Journal Socket (/dev/log).
[   20.255480] systemd[1]: Created slice User and Session Slice.
[[0;32m  OK  [0m] Created slice User and Session Slice.
[   20.375912] systemd[1]: Listening on Journal Audit Socket.
[[0;32m  OK  [0m] Listening on Journal Audit Socket.
[   20.399274] systemd[1]: Created slice System Slice.
[[0;32m  OK  [0m] Created slice System Slice.
[   20.547055] systemd[1]: Starting Uncomplicated firewall...
         Starting Uncomplicated firewall...
[   20.638719] systemd[1]: Reached target Slices.
[[0;32m  OK  [0m] Reached target Slices.
[   20.714538] systemd[1]: Starting Remount Root and Kernel File Systems...
         [   20.780342] EXT4-fs (sda1): re-mounted. Opts: (null)
Starting Remount Root and Kernel File Systems...
[   20.894917] systemd[1]: Starting Nameserver information manager...
         Starting Nameserver information manager...
[   20.980622] systemd[1]: Starting Set console keymap...
         Starting Set console keymap...
[   21.047421] systemd[1]: Mounting POSIX Message Queue File System...
         Mounting POSIX Message Queue File System...
[   21.086948] systemd[1]: Created slice system-postgresql.slice.
[[0;32m  OK  [0m] Created slice system-postgresql.slice.
[   21.218763] systemd[1]: Created slice system-serial\x2dgetty.slice.
[[0;32m  OK  [0m] Created slice system-serial\x2dgetty.slice.
[   21.418640] systemd[1]: Starting Create list of required static device nodes for the current kernel...
         Starting Create list of required st... nodes for the current kernel...
[   21.566704] systemd[1]: Reached target User and Group Name Lookups.
[[0;32m  OK  [0m] Reached target User and Group Name Lookups.
[   21.751261] systemd[1]: Listening on LVM2 poll daemon socket.
[[0;32m  OK  [0m] Listening on LVM2 poll daemon socket.
[   21.788209] systemd[1]: Listening on Syslog Socket.
[[0;32m  OK  [0m] Listening on Syslog Socket.
[   21.842596] systemd[1]: Starting Journal Service...
         Starting Journal Service...
[   21.923225] systemd[1]: Listening on udev Kernel Socket.
[[0;32m  OK  [0m] Listening on udev Kernel Socket.
[   22.013699] systemd[1]: Set up automount Arbitrary Executable File Formats File System Automount Point.
[[0;32m  OK  [0m] Set up automount Arbitrary Executab...ats File System Automount Point.
[   22.299117] systemd[1]: Mounting Huge Pages File System...
         Mounting Huge Pages File System...
[   22.390982] systemd[1]: Listening on Device-mapper event daemon FIFOs.
[[0;32m  OK  [0m] Listening on Device-mapper event daemon FIFOs.
[   22.550687] systemd[1]: Mounting Debug File System...
         Mounting Debug File System...
[   22.622984] systemd[1]: Starting Load Kernel Modules...
         Starting Load Ke[   22.691030] Loading iSCSI transport class v2.0-870.
rnel Modules...[   22.759143] iscsi: registered transport (tcp)

[   22.833713] systemd[1]: Reached target Encrypted Volumes.
[[0;32m  OK  [0m] Reached target Encrypted Volu[   22.905776] iscsi: registered transport (iser)
mes.
[   22.938563] systemd[1]: Listening on LVM2 metadata daemon socket.
[[0;32m  OK  [0m] Listening on LVM2 metadata daemon socket.
[   23.014509] systemd[1]: Starting Monitoring of LVM2 mirrors, snapshots etc. using dmeventd or progress polling...
         Starting Monitoring of LVM2 mirrors... dmeventd or progress polling...
[   23.184010] systemd[1]: Mounted Debug File System.
[[0;32m  OK  [0m] Mounted Debug File System.
[   23.232390] systemd[1]: Mounted POSIX Message Queue File System.
[[0;32m  OK  [0m] Mounted POSIX Message Queue File System.
[   23.335029] systemd[1]: Mounted Huge Pages File System.
[[0;32m  OK  [0m] Mounted Huge Pages File System.
[   23.439221] systemd[1]: Started Journal Service.
[[0;32m  OK  [0m] Started Journal Service.
[[0;32m  OK  [0m] Started Uncomplicated firewall.
[[0;32m  OK  [0m] Started Remount Root and Kernel File Systems.
[[0;32m  OK  [0m] Started Set console keymap.
[[0;32m  OK  [0m] Started Create list of required sta...ce nodes for the current kernel.
[[0;32m  OK  [0m] Started Load Kernel Modules.
[[0;32m  OK  [0m] Started Nameserver information manager.
[[0;32m  OK  [0m] Started LVM2 metadata daemon.
         Mounting FUSE Control File System...
         Starting Apply Kernel Variables...
         Starting Create Static Device Nodes in /dev...
         Starting Initial cloud-init job (pre-networking)...
         Starting udev Coldplug all Devices...
         Starting Load/Save Random Seed...
         Starting Flush Journal to Persistent Storage...
[[0;32m  OK  [0m] Mounted FUSE Control File System.
[[0;32m  OK  [0m] Started Apply Kernel Variables.
[[0;32m  OK  [0m] Started Create Static Device Nodes in /dev.
[[0;32m  OK  [0m] Started Load/Save Random Seed.
[[0;32m  OK  [0m] Started udev Coldplug all Devices.
[[0;32m  OK  [0m] Started Monitoring of LVM2 mirrors,...ng dmeventd or progress polling.
[[0;32m  OK  [0m] Started Flush Journal to Persistent Storage.
         Starting udev Kernel Device Manager...
[[0;32m  OK  [0m] Started udev Kernel Device Manager.
[[0;32m  OK  [0m] Started Dispatch Password Requests to Console Directory Watch.
[[0;32m  OK  [0m] Reached target Local File Systems (Pre).
[[0;32m  OK  [0m] Reached target Local File Systems.
         Starting Tell Plymouth To Write Out Runtime Data...
         Starting Create Volatile Files and Directories...
         Starting Set console font and keymap...
         Starting LSB: AppArmor initialization...
[[0;32m  OK  [0m] Started Tell Plymouth To Write Out Runtime Data.
[[0;32m  OK  [0m] Started Create Volatile Files and Directories.
[[0;32m  OK  [0m] Found device /dev/ttyS0.
[[0;32m  OK  [0m] Reached target System Time Synchronized.
         Starting Update UTMP about System Boot/Shutdown...
[   20.157089] cloud-init[482]: Cloud-init v. 0.7.8 running 'init-local' at Fri, 24 Feb 2017 01:39:42 +0000. Up 19.62 seconds.
[[0;32m  OK  [0m] Started LSB: AppArmor initialization.
[[0;32m  OK  [0m] Started Initial cloud-init job (pre-networking).
[[0;32m  OK  [0m] Started Set console font and keymap.
[[0;32m  OK  [0m] Found device 82540EM Gigabit Ethern...r (PRO/1000 MT Desktop Adapter).
[[0;32m  OK  [0m] Started Update UTMP about System Boot/Shutdown.
[[0;32m  OK  [0m] Listening on Load/Save RF Kill Switch Status /dev/rfkill Watch.
[[0;32m  OK  [0m] Created slice system-getty.slice.
[[0;32m  OK  [0m] Reached target Network (Pre).
[[0;32m  OK  [0m] Started ifup for enp0s3.
         Starting Raise network interfaces...
[[0;32m  OK  [0m] Started Raise network interfaces.
[[0;32m  OK  [0m] Reached target Network.
         Starting Initial cloud-init job (metadata service crawler)...
[   23.692731] cloud-init[1074]: Cloud-init v. 0.7.8 running 'init' at Fri, 24 Feb 2017 01:39:45 +0000. Up 23.23 seconds.
[   23.732979] cloud-init[1074]: ci-info: +++++++++++++++++++++++++++++++++++++Net device info++++++++++++++++++++++++++++++++++++++
[   23.748246] cloud-init[1074]: ci-info: +--------+------+----------------------------+---------------+-------+-------------------+
[   23.773709] cloud-init[1074]: ci-info: | Device |  Up  |          Address           |      Mask     | Scope |     Hw-Address    |
[   23.777296] cloud-init[1074]: ci-info: +--------+------+----------------------------+---------------+-------+-------------------+
[[0;32m  OK  [0m] Started Initial cloud-init job (metadata service crawler).
[   23.798169] cloud-init[1074]: ci-info: |   lo   | True |         127.0.0.1          |   255.0.0.0   |   .   |         .         |
[[0;32m  OK  [0m] Reached target Cloud-config availability.
[[0;32m  OK  [0m] Reached target System Initialization.
[   23.818555] cloud-init[1074]: ci-info: |   lo   | True |          ::1/128           |       .       |  host |         .         |
[   23.876278] [[0;32m  OK  [0m] Started Daily Cleanup of Temporary Directories.
[[0;32m  OK  [0m] Listening on ACPID Listen Socket.
cloud-init[1074]: ci-info: | enp0s3 | True |         10.0.2.15          | 255.255.255.0 |   .   | 02:6d:90:52:c7:b2 |
         Starting LXD - unix socket.
[[0;32m  OK  [0m] Listening on UUID daemon activation socket.
[   23.924792] cloud-init[1074]: ci-info: | enp0s3 | True | fe80::6d:90ff:fe52:c7b2/64 |       .       |  link | 02:6d:90:52:c7:b2 |
[   23.947569] cloud-init[1074]: ci-info: +--------+------+----------------------------+---------------+-------+-------------------+
[[0;32m  OK  [0m] Started Trigger resolvconf update for networkd DNS.
[   23.949660] [cloud-init[0;32m  OK  [0m[1074]: ] ci-info: +++++++++++++++++++++++++++Route IPv4 info++++++++++++++++++++++++++++Listening on D-Bus System Message Bus Socket.

[   24.031737] cloud-init[1074]: ci-info: +-------+-------------+----------+---------------+-----------+-------+
[[0;32m  OK  [0m] Started ACPI Events Check.
[   24.033482] [[0;32m  OK  [0m] Reached target Paths.
cloud-init[1074]: [[0;32m  OK  [0m] Started Daily apt activities.
         Starting Socket activation for snappy daemon.
[[0;32m  OK  [0m] Started Timer to automatically refresh installed snaps.
[[0;32m  OK  [0m] Reached target Timers.
ci-info: | Route | Destination | Gateway  |    Genmask    | Interface | Flags |
[   24.050316] [cloud-init[0;32m  OK  [0m[1074]: ] ci-info: +-------+-------------+----------+---------------+-----------+-------+Reached target Network is Online.

[   24.051557] cloud-init[1074]: ci-info: |   0   |   0.0.0.0   | 10.0.2.2 |    0.0.0.0    |   enp0s3  |   UG  |
[   24.108387]          cloud-initStarting iSCSI initiator daemon (iscsid)...[1074]: 
ci-info: |   1   |   10.0.2.0  | 0.0.0.0  | 255.255.255.0 |   enp0s3  |   U   |
[   24.128797] [[0;32m  OK  [0m] Listening on LXD - unix socket.
[[0;32m  OK  [0m] Listening on Socket activation for snappy daemon.
cloud-init[1074]: ci-info: +-------+-------------+----------+---------------+-----------+-------+
[[0;32m  OK  [0m] Started iSCSI initiator daemon (iscsid).
         Starting Login to default iSCSI targets...
[[0;32m  OK  [0m] Reached target Sockets.
[[0;32m  OK  [0m] Reached target Basic System.
[[0;32m  OK  [0m] Started D-Bus System Message Bus.
[[0;32m  OK  [0m] Started Deferred execution scheduler.
         Starting PostgreSQL Cluster 9.5-main...
         Starting System Logging Service...
         Starting LSB: Record successful boot for GRUB...
[[0;32m  OK  [0m] Started Snappy daemon.
         Starting Apply the settings specified in cloud-config...
         Starting Auto import assertions from block devices...
         Starting Login Service...
[[0;32m  OK  [0m] Started ACPI event daemon.
         Starting /etc/rc.local Compatibility...
         Starting LSB: MD monitoring daemon...
         Starting OpenBSD Secure Shell server...
         Starting LXD - container startup/shutdown...
[[0;32m  OK  [0m] Started FUSE filesystem for LXC.
         Starting Accounts Service...
[[0;32m  OK  [0m] Started Regular background program processing daemon.
[[0;32m  OK  [0m] Started System Logging Service.
[[0;32m  OK  [0m] Started OpenBSD Secure Shell server.
[[0;32m  OK  [0m] Started Auto import assertions from block devices.
[[0;32m  OK  [0m] Started /etc/rc.local Compatibility.
[[0;32m  OK  [0m] Started LXD - container startup/shutdown.
[[0;32m  OK  [0m] Started Login to default iSCSI targets.
[[0;32m  OK  [0m] Started Login Service.
[[0;32m  OK  [0m] Started LSB: Record successful boot for GRUB.
[[0;32m  OK  [0m] Started LSB: MD monitoring daemon.
         Starting Authenticate and Authorize Users to Run Privileged Tasks...
[[0;32m  OK  [0m] Reached target Remote File Systems (Pre).
[[0;32m  OK  [0m] Reached target Remote File Systems.
         Starting LSB: VirtualBox Linux Additions...
         Starting Permit User Sessions...
         Starting LSB: Start/stop sysstat's sadc...
         Starting LSB: daemon to balance interrupts for SMP systems...
         Starting LSB: automatic crash report generation...
[   25.236874] cloud-init[1149]: Cloud-init v. 0.7.8 running 'modules:config' at Fri, 24 Feb 2017 01:39:47 +0000. Up 25.05 seconds.
         Starting LSB: Set the CPU Frequency Scaling governor to "ondemand"...
[[0;32m  OK  [0m] Started Apply the settings specified in cloud-config.
[[0;32m  OK  [0m] Started Permit User Sessions.
[[0;32m  OK  [0m] Started Authenticate and Authorize Users to Run Privileged Tasks.
[[0;32m  OK  [0m] Started Accounts Service.
[[0;32m  OK  [0m] Started LSB: Start/stop sysstat's sadc.
[[0;32m  OK  [0m] Started LSB: daemon to balance interrupts for SMP systems.
[[0;32m  OK  [0m] Started LSB: VirtualBox Linux Additions.
[[0;32m  OK  [0m] Created slice User Slice of ubuntu.
[[0;32m  OK  [0m] Started Session 1 of user ubuntu.
         Starting User Manager for UID 1000...
         Starting Terminate Plymouth Boot Screen...
         Starting Hold until boot process finishes up...
[[0;32m  OK  [0m] Started User Manager for UID 1000.
[[0;32m  OK  [0m] Started LSB: automatic crash report generation.
[[0;32m  OK  [0m] Started LSB: Set the CPU Frequency Scaling governor to "ondemand".
[[0;32m  OK  [0m] Started Terminate Plymouth Boot Screen.
[[0;32m  OK  [0m] Started Hold until boot process finishes up.
         Starting Set console scheme...
[[0;32m  OK  [0m] Started Getty on tty1.
[[0;32m  OK  [0m] Started Serial Getty on ttyS0.
[[0;32m  OK  [0m] Reached target Login Prompts.
[[0;32m  OK  [0m] Started Set console scheme.
[[0;32m  OK  [0m] Started PostgreSQL Cluster 9.5-main.
         Starting PostgreSQL RDBMS...
[[0;32m  OK  [0m] Started PostgreSQL RDBMS.
[[0;32m  OK  [0m] Reached target Multi-User System.
[[0;32m  OK  [0m] Reached target Graphical Interface.
         Starting Update UTMP about System Runlevel Changes...
         Starting Execute cloud user/final scripts...
[[0;32m  OK  [0m] Started Update UTMP about System Runlevel Changes.
[   27.586908] cloud-init[1408]: Cloud-init v. 0.7.8 running 'modules:final' at Fri, 24 Feb 2017 01:39:50 +0000. Up 27.44 seconds.
[   27.592280] cloud-init[1408]: Cloud-init v. 0.7.8 finished at Fri, 24 Feb 2017 01:39:50 +0000. Datasource DataSourceNoCloud [seed=/dev/sdb][dsmode=net].  Up 27.57 seconds
[[0;32m  OK  [0m] Started Execute cloud user/final scripts.
[[0;32m  OK  [0m] Reached target Cloud-init target.

Ubuntu 16.04.1 LTS ubuntu-xenial ttyS0

ubuntu-xenial login: 