#
# There is insufficient memory for the Java Runtime Environment to continue.
# Native memory allocation (mmap) failed to map 16384 bytes for committing reserved memory.
# Possible reasons:
#   The system is out of physical RAM or swap space
#   In 32 bit mode, the process size limit was hit
# Possible solutions:
#   Reduce memory load on the system
#   Increase physical memory or swap space
#   Check if swap backing store is full
#   Use 64 bit Java on a 64 bit OS
#   Decrease Java heap size (-Xmx/-Xms)
#   Decrease number of Java threads
#   Decrease Java thread stack sizes (-Xss)
#   Set larger code cache with -XX:ReservedCodeCacheSize=
# This output file may be truncated or incomplete.
#
#  Out of Memory Error (os_linux.cpp:2637), pid=26327, tid=27697
#
# JRE version: OpenJDK Runtime Environment (9.0) (build 9-internal+0-2016-04-14-195246.buildd.src)
# Java VM: OpenJDK 64-Bit Server VM (9-internal+0-2016-04-14-195246.buildd.src, mixed mode, tiered, compressed oops, serial gc, linux-amd64)
# Core dump will be written. Default location: Core dumps may be processed with "/usr/share/apport/apport %p %s %c %P" (or dumping to /vagrant/core.26327)
#

---------------  S U M M A R Y ------------

Command Line: -Xmx1g org.apache.spark.deploy.SparkSubmit --name PySparkShell pyspark-shell

Host: Intel(R) Core(TM) i5-5257U CPU @ 2.70GHz, 2 cores, 992M, Ubuntu 16.04.1 LTS
Time: Wed May  3 02:07:21 2017 UTC elapsed time: 11004 seconds (0d 3h 3m 24s)

---------------  T H R E A D  ---------------

Current thread (0x00007fae443ab800):  JavaThread "stdout writer for python2.7" daemon [_thread_new, id=27697, stack(0x00007fae289cf000,0x00007fae28ad0000)]

Stack: [0x00007fae289cf000,0x00007fae28ad0000],  sp=0x00007fae28aceb00,  free space=1022k
Native frames: (J=compiled Java code, j=interpreted, Vv=VM code, C=native code)
V  [libjvm.so+0xc120e0]
V  [libjvm.so+0xc12bdb]
V  [libjvm.so+0x5c61e2]
V  [libjvm.so+0xa3f54a]
V  [libjvm.so+0xa3a04e]
V  [libjvm.so+0xa3ff07]
V  [libjvm.so+0xbb41ae]
V  [libjvm.so+0xbb512e]
V  [libjvm.so+0xa454a0]
C  [libpthread.so.0+0x76ba]  start_thread+0xca


---------------  P R O C E S S  ---------------

Java Threads: ( => current thread )
  0x00007fae443ac000 JavaThread "Worker Monitor for python2.7" daemon [_thread_new, id=27700, stack(0x00007fae237de000,0x00007fae238df000)]
  0x00007fae48008800 JavaThread "Worker Monitor for python2.7" daemon [_thread_new, id=27699, stack(0x00007fae280c6000,0x00007fae281c7000)]
  0x00007fae48007800 JavaThread "stdout writer for python2.7" daemon [_thread_new, id=27698, stack(0x00007fae21df0000,0x00007fae21ef1000)]
=>0x00007fae443ab800 JavaThread "stdout writer for python2.7" daemon [_thread_new, id=27697, stack(0x00007fae289cf000,0x00007fae28ad0000)]
  0x00007fae308e8000 JavaThread "block-manager-ask-thread-pool-19" daemon [_thread_blocked, id=27648, stack(0x00007fae281c7000,0x00007fae282c8000)]
  0x00007fae24033800 JavaThread "block-manager-slave-async-thread-pool-56" daemon [_thread_blocked, id=27647, stack(0x00007fae282c8000,0x00007fae283c9000)]
  0x00007fae24027000 JavaThread "Executor task launch worker-20" daemon [_thread_in_native, id=27626, stack(0x00007fae286cc000,0x00007fae287cd000)]
  0x00007fae2402c000 JavaThread "Executor task launch worker-19" daemon [_thread_in_native, id=27625, stack(0x00007fae239fc000,0x00007fae23afd000)]
  0x00007fae309cc800 JavaThread "task-result-getter-3" daemon [_thread_blocked, id=26480, stack(0x00007fae287cd000,0x00007fae288ce000)]
  0x00007fae24029800 JavaThread "task-result-getter-2" daemon [_thread_blocked, id=26479, stack(0x00007fae28ad0000,0x00007fae28bd1000)]
  0x00007fae309c6800 JavaThread "task-result-getter-1" daemon [_thread_blocked, id=26473, stack(0x00007fae28dd3000,0x00007fae28ed4000)]
  0x00007fae30992800 JavaThread "task-result-getter-0" daemon [_thread_blocked, id=26472, stack(0x00007fae28ed4000,0x00007fae28fd5000)]
  0x00007fae38020000 JavaThread "stderr reader for python2.7" daemon [_thread_in_native, id=26465, stack(0x00007fae28fd5000,0x00007fae290d6000)]
  0x00007fae38019800 JavaThread "stdout reader for python2.7" daemon [_thread_in_native, id=26464, stack(0x00007fae290d6000,0x00007fae291d7000)]
  0x00007fae38018800 JavaThread "Idle Worker Monitor for python2.7" daemon [_thread_blocked, id=26462, stack(0x00007fae291d7000,0x00007fae292d8000)]
  0x00007fae308b4000 JavaThread "org.apache.hadoop.fs.FileSystem$Statistics$StatisticsDataReferenceCleaner" daemon [_thread_blocked, id=26456, stack(0x00007fae2a7ec000,0x00007fae2a8ed000)]
  0x00007fae30754800 JavaThread "SparkListenerBus" daemon [_thread_blocked, id=26444, stack(0x00007fae2a0e7000,0x00007fae2a1e8000)]
  0x00007fae30752800 JavaThread "context-cleaner-periodic-gc" daemon [_thread_blocked, id=26443, stack(0x00007fae2a1e8000,0x00007fae2a2e9000)]
  0x00007fae30751800 JavaThread "Spark Context Cleaner" daemon [_thread_blocked, id=26442, stack(0x00007fae2a4e9000,0x00007fae2a5ea000)]
  0x00007fae3067d800 JavaThread "shuffle-server-0" daemon [_thread_in_native, id=26439, stack(0x00007fae2a5ea000,0x00007fae2a6eb000)]
  0x00007fae30605800 JavaThread "driver-heartbeater" daemon [_thread_blocked, id=26438, stack(0x00007fae2a6eb000,0x00007fae2a7ec000)]
  0x00007fae30601800 JavaThread "dag-scheduler-event-loop" daemon [_thread_blocked, id=26437, stack(0x00007fae2acef000,0x00007fae2adf0000)]
  0x00007fae4c003800 JavaThread "netty-rpc-env-timeout" daemon [_thread_blocked, id=26435, stack(0x00007fae2a8ed000,0x00007fae2a9ee000)]
  0x00007fae305db000 JavaThread "Timer-0" daemon [_thread_blocked, id=26434, stack(0x00007fae2abee000,0x00007fae2acef000)]
  0x00007fae305cf000 JavaThread "heartbeat-receiver-event-loop-thread" daemon [_thread_blocked, id=26433, stack(0x00007fae2b4f7000,0x00007fae2b5f8000)]
  0x00007fae3056f800 JavaThread "SparkUI-94" daemon [_thread_blocked, id=26432, stack(0x00007fae2adf0000,0x00007fae2aef1000)]
  0x00007fae3059c000 JavaThread "SparkUI-93" daemon [_thread_blocked, id=26431, stack(0x00007fae2aef1000,0x00007fae2aff2000)]
  0x00007fae3059b000 JavaThread "SparkUI-92" daemon [_thread_blocked, id=26430, stack(0x00007fae2aff2000,0x00007fae2b0f3000)]
  0x00007fae305a2000 JavaThread "SparkUI-91" daemon [_thread_blocked, id=26429, stack(0x00007fae2b0f3000,0x00007fae2b1f4000)]
  0x00007fae305a8800 JavaThread "SparkUI-90" daemon [_thread_blocked, id=26428, stack(0x00007fae2b1f4000,0x00007fae2b2f5000)]
  0x00007fae305a3800 JavaThread "SparkUI-89" daemon [_thread_blocked, id=26427, stack(0x00007fae2b2f5000,0x00007fae2b3f6000)]
  0x00007fae305a0000 JavaThread "SparkUI-88-acceptor-0@16675304-ServerConnector@18a0bfb8{HTTP/1.1}{0.0.0.0:4042}" daemon [_thread_in_native, id=26426, stack(0x00007fae2b3f6000,0x00007fae2b4f7000)]
  0x00007fae305a7000 JavaThread "SparkUI-87-selector-ServerConnectorManager@145012a1/0" daemon [_thread_in_native, id=26425, stack(0x00007fae2b7f8000,0x00007fae2b8f9000)]
  0x00007fae30454000 JavaThread "refresh progress" daemon [_thread_blocked, id=26402, stack(0x00007fae6013c000,0x00007fae6023d000)]
  0x00007fae3022f000 JavaThread "map-output-dispatcher-7" daemon [_thread_blocked, id=26380, stack(0x00007fae2b8f9000,0x00007fae2b9fa000)]
  0x00007fae3022d000 JavaThread "map-output-dispatcher-6" daemon [_thread_blocked, id=26379, stack(0x00007fae2b9fa000,0x00007fae2bafb000)]
  0x00007fae3022b000 JavaThread "map-output-dispatcher-5" daemon [_thread_blocked, id=26378, stack(0x00007fae2bafb000,0x00007fae2bbfc000)]
  0x00007fae30229000 JavaThread "map-output-dispatcher-4" daemon [_thread_blocked, id=26377, stack(0x00007fae2bbfc000,0x00007fae2bcfd000)]
  0x00007fae30227800 JavaThread "map-output-dispatcher-3" daemon [_thread_blocked, id=26376, stack(0x00007fae2bcfd000,0x00007fae2bdfe000)]
  0x00007fae30226000 JavaThread "map-output-dispatcher-2" daemon [_thread_blocked, id=26375, stack(0x00007fae2bdfe000,0x00007fae2beff000)]
  0x00007fae3021f800 JavaThread "map-output-dispatcher-1" daemon [_thread_blocked, id=26374, stack(0x00007fae2beff000,0x00007fae2c000000)]
  0x00007fae3021f000 JavaThread "map-output-dispatcher-0" daemon [_thread_blocked, id=26373, stack(0x00007fae6033e000,0x00007fae6043f000)]
  0x00007fae3020e800 JavaThread "shuffle-server-0" daemon [_thread_blocked, id=26372, stack(0x00007fae6003b000,0x00007fae6013c000)]
  0x00007fae2c010000 JavaThread "SeedGenerator Thread" daemon [_thread_blocked, id=26362, stack(0x00007fae6023d000,0x00007fae6033e000)]
  0x00007fae3030d000 JavaThread "dispatcher-event-loop-1" daemon [_thread_blocked, id=26360, stack(0x00007fae6063f000,0x00007fae60740000)]
  0x00007fae3030c800 JavaThread "dispatcher-event-loop-0" daemon [_thread_blocked, id=26359, stack(0x00007fae6154e000,0x00007fae6164f000)]
  0x00007fae30053000 JavaThread "process reaper" daemon [_thread_in_native, id=26357, stack(0x00007fae81b37000,0x00007fae81b71000)]
  0x00007fae2c00a000 JavaThread "Thread-2" [_thread_blocked, id=26355, stack(0x00007fae6164f000,0x00007fae61750000)]
  0x00007fae78b9c000 JavaThread "Thread-1" [_thread_in_native, id=26354, stack(0x00007fae61750000,0x00007fae61851000)]
  0x00007fae78b8d000 JavaThread "pool-1-thread-1" [_thread_blocked, id=26353, stack(0x00007fae7c0b6000,0x00007fae7c1b7000)]
  0x00007fae780e2800 JavaThread "Service Thread" daemon [_thread_blocked, id=26351, stack(0x00007fae7c2b8000,0x00007fae7c3b9000)]
  0x00007fae780bd800 JavaThread "Common-Cleaner" daemon [_thread_blocked, id=26350, stack(0x00007fae7c3b9000,0x00007fae7c4ba000)]
  0x00007fae780a6800 JavaThread "Sweeper thread" daemon [_thread_blocked, id=26349, stack(0x00007fae7cbe5000,0x00007fae7cce6000)]
  0x00007fae780a2000 JavaThread "C1 CompilerThread1" daemon [_thread_blocked, id=26348, stack(0x00007fae7cce6000,0x00007fae7cde7000)]
  0x00007fae780a0000 JavaThread "C2 CompilerThread0" daemon [_thread_blocked, id=26347, stack(0x00007fae7cde7000,0x00007fae7cee8000)]
  0x00007fae7809e000 JavaThread "Signal Dispatcher" daemon [_thread_blocked, id=26346, stack(0x00007fae7cee8000,0x00007fae7cfe9000)]
  0x00007fae7808b800 JavaThread "Finalizer" daemon [_thread_blocked, id=26345, stack(0x00007fae7d181000,0x00007fae7d282000)]
  0x00007fae78087800 JavaThread "Reference Handler" daemon [_thread_blocked, id=26344, stack(0x00007fae7d282000,0x00007fae7d383000)]
  0x00007fae78013800 JavaThread "main" [_thread_in_native, id=26342, stack(0x00007fae81c08000,0x00007fae81d09000)]

Other Threads:
  0x00007fae7807d800 VMThread [stack: 0x00007fae7d383000,0x00007fae7d484000] [id=26343]
  0x00007fae780ee800 WatcherThread [stack: 0x00007fae7c1b7000,0x00007fae7c2b8000] [id=26352]

Threads with active compile tasks:
C1 CompilerThread19581       3       org.apache.spark.SparkStatusTracker$$anonfun$getStageInfo$1::apply (41 bytes)
C2 CompilerThread09532       4       org.apache.xbean.asm5.ClassReader::accept (1172 bytes)

VM state:synchronizing (normal execution)

VM Mutex/Monitor currently owned by a thread:  ([mutex/lock_event])
[0x00007fae7800fbc0] Safepoint_lock - owner thread: 0x00007fae7807d800
[0x00007fae7800fc40] Threads_lock - owner thread: 0x00007fae7807d800

heap address: 0x00000000c0000000, size: 1024 MB, Compressed Oops mode: 32-bit
Narrow klass base: 0x0000000000000000, Narrow klass shift: 3
Compressed class space size: 1073741824 Address: 0x0000000100000000

Heap:
 def new generation   total 24064K, used 20986K [0x00000000c0000000, 0x00000000c1a10000, 0x00000000d5550000)
  eden space 21440K,  93% used [0x00000000c0000000, 0x00000000c13adf58, 0x00000000c14f0000)
  from space 2624K,  31% used [0x00000000c1780000, 0x00000000c1850ab0, 0x00000000c1a10000)
  to   space 2624K,   0% used [0x00000000c14f0000, 0x00000000c14f0000, 0x00000000c1780000)
 tenured generation   total 53260K, used 29454K [0x00000000d5550000, 0x00000000d8953000, 0x0000000100000000)
   the space 53260K,  55% used [0x00000000d5550000, 0x00000000d7213ba8, 0x00000000d7213c00, 0x00000000d8953000)
 Metaspace       used 49062K, capacity 49918K, committed 50600K, reserved 1093632K
  class space    used 6411K, capacity 6602K, committed 6824K, reserved 1048576K

Card table byte_map: [0x00007fae7de50000,0x00007fae7e051000] byte_map_base: 0x00007fae7d850000

Polling page: 0x00007fae81d16000

CodeHeap 'non-nmethods': size=5692Kb used=1346Kb max_used=1346Kb free=4345Kb
 bounds [0x00007fae61c51000, 0x00007fae61ec1000, 0x00007fae621e0000]
CodeHeap 'profiled nmethods': size=120032Kb used=15806Kb max_used=15806Kb free=104225Kb
 bounds [0x00007fae621e0000, 0x00007fae63170000, 0x00007fae69718000]
CodeHeap 'non-profiled nmethods': size=120036Kb used=4973Kb max_used=4973Kb free=115062Kb
 bounds [0x00007fae69718000, 0x00007fae69bf8000, 0x00007fae70c51000]
 total_blobs=12509 nmethods=8458 adapters=482
 compilation: enabled

Compilation events (10 events):
Event: 10962.655 Thread 0x00007fae780a2000 nmethod 9566 0x00007fae6315aa90 code [0x00007fae6315ac20, 0x00007fae6315af08]
Event: 10962.667 Thread 0x00007fae780a2000 9567       3       org.apache.spark.SparkStatusTracker$$anonfun$getStageInfo$1$$anonfun$apply$3::apply (69 bytes)
Event: 10966.956 Thread 0x00007fae780a2000 nmethod 9567 0x00007fae6315b010 code [0x00007fae6315b260, 0x00007fae6315bfb8]
Event: 10967.016 Thread 0x00007fae780a2000 9573       3       org.apache.spark.rdd.RDD$$anonfun$doCheckpoint$1::apply$mcV$sp (101 bytes)
Event: 10967.517 Thread 0x00007fae780a2000 nmethod 9573 0x00007fae6315c410 code [0x00007fae6315c9a0, 0x00007fae63160938]
Event: 10967.527 Thread 0x00007fae780a2000 9560       3       scala.collection.immutable.VectorBuilder::gotoNextBlockStartWritable (7 bytes)
Event: 10967.688 Thread 0x00007fae780a2000 nmethod 9560 0x00007fae63161910 code [0x00007fae63161aa0, 0x00007fae63161c28]
Event: 10988.671 Thread 0x00007fae780a2000 9574       3       org.apache.spark.util.ClosureCleaner$$anonfun$getInnerClosureClasses$1::apply (9 bytes)
Event: 11002.311 Thread 0x00007fae780a2000 nmethod 9574 0x00007fae63161d10 code [0x00007fae63161ee0, 0x00007fae631625d8]
Event: 11002.917 Thread 0x00007fae780a2000 9577       3       org.apache.spark.executor.TaskMetrics$$anonfun$fromAccumulatorInfos$2::apply (12 bytes)

GC Heap History (10 events):
Event: 10885.624 GC heap before
{Heap before GC invocations=155 (full 10):
 def new generation   total 24064K, used 22604K [0x00000000c0000000, 0x00000000c1a10000, 0x00000000d5550000)
  eden space 21440K, 100% used [0x00000000c0000000, 0x00000000c14f0000, 0x00000000c14f0000)
  from space 2624K,  44% used [0x00000000c14f0000, 0x00000000c1613220, 0x00000000c1780000)
  to   space 2624K,   0% used [0x00000000c1780000, 0x00000000c1780000, 0x00000000c1a10000)
 tenured generation   total 53260K, used 28540K [0x00000000d5550000, 0x00000000d8953000, 0x0000000100000000)
   the space 53260K,  53% used [0x00000000d5550000, 0x00000000d712f3a8, 0x00000000d712f400, 0x00000000d8953000)
 Metaspace       used 48937K, capacity 49706K, committed 50600K, reserved 1093632K
  class space    used 6395K, capacity 6578K, committed 6824K, reserved 1048576K
}
Event: 10885.633 GC heap after
{Heap after GC invocations=156 (full 10):
 def new generation   total 24064K, used 1669K [0x00000000c0000000, 0x00000000c1a10000, 0x00000000d5550000)
  eden space 21440K,   0% used [0x00000000c0000000, 0x00000000c0000000, 0x00000000c14f0000)
  from space 2624K,  63% used [0x00000000c1780000, 0x00000000c19215b0, 0x00000000c1a10000)
  to   space 2624K,   0% used [0x00000000c14f0000, 0x00000000c14f0000, 0x00000000c1780000)
 tenured generation   total 53260K, used 28540K [0x00000000d5550000, 0x00000000d8953000, 0x0000000100000000)
   the space 53260K,  53% used [0x00000000d5550000, 0x00000000d712f3a8, 0x00000000d712f400, 0x00000000d8953000)
 Metaspace       used 48937K, capacity 49706K, committed 50600K, reserved 1093632K
  class space    used 6395K, capacity 6578K, committed 6824K, reserved 1048576K
}
Event: 10889.135 GC heap before
{Heap before GC invocations=156 (full 10):
 def new generation   total 24064K, used 19030K [0x00000000c0000000, 0x00000000c1a10000, 0x00000000d5550000)
  eden space 21440K,  80% used [0x00000000c0000000, 0x00000000c10f42f0, 0x00000000c14f0000)
  from space 2624K,  63% used [0x00000000c1780000, 0x00000000c19215b0, 0x00000000c1a10000)
  to   space 2624K,   0% used [0x00000000c14f0000, 0x00000000c14f0000, 0x00000000c1780000)
 tenured generation   total 53260K, used 28540K [0x00000000d5550000, 0x00000000d8953000, 0x0000000100000000)
   the space 53260K,  53% used [0x00000000d5550000, 0x00000000d712f3a8, 0x00000000d712f400, 0x00000000d8953000)
 Metaspace       used 48977K, capacity 49754K, committed 50600K, reserved 1093632K
  class space    used 6399K, capacity 6586K, committed 6824K, reserved 1048576K
}
Event: 10889.145 GC heap after
{Heap after GC invocations=157 (full 10):
 def new generation   total 24064K, used 728K [0x00000000c0000000, 0x00000000c1a10000, 0x00000000d5550000)
  eden space 21440K,   0% used [0x00000000c0000000, 0x00000000c0000000, 0x00000000c14f0000)
  from space 2624K,  27% used [0x00000000c14f0000, 0x00000000c15a6288, 0x00000000c1780000)
  to   space 2624K,   0% used [0x00000000c1780000, 0x00000000c1780000, 0x00000000c1a10000)
 tenured generation   total 53260K, used 29454K [0x00000000d5550000, 0x00000000d8953000, 0x0000000100000000)
   the space 53260K,  55% used [0x00000000d5550000, 0x00000000d7213ba8, 0x00000000d7213c00, 0x00000000d8953000)
 Metaspace       used 48977K, capacity 49754K, committed 50600K, reserved 1093632K
  class space    used 6399K, capacity 6586K, committed 6824K, reserved 1048576K
}
Event: 10894.474 GC heap before
{Heap before GC invocations=157 (full 10):
 def new generation   total 24064K, used 22168K [0x00000000c0000000, 0x00000000c1a10000, 0x00000000d5550000)
  eden space 21440K, 100% used [0x00000000c0000000, 0x00000000c14f0000, 0x00000000c14f0000)
  from space 2624K,  27% used [0x00000000c14f0000, 0x00000000c15a6288, 0x00000000c1780000)
  to   space 2624K,   0% used [0x00000000c1780000, 0x00000000c1780000, 0x00000000c1a10000)
 tenured generation   total 53260K, used 29454K [0x00000000d5550000, 0x00000000d8953000, 0x0000000100000000)
   the space 53260K,  55% used [0x00000000d5550000, 0x00000000d7213ba8, 0x00000000d7213c00, 0x00000000d8953000)
 Metaspace       used 48986K, capacity 49766K, committed 50600K, reserved 1093632K
  class space    used 6400K, capacity 6588K, committed 6824K, reserved 1048576K
}
Event: 10894.518 GC heap after
{Heap after GC invocations=158 (full 10):
 def new generation   total 24064K, used 1120K [0x00000000c0000000, 0x00000000c1a10000, 0x00000000d5550000)
  eden space 21440K,   0% used [0x00000000c0000000, 0x00000000c0000000, 0x00000000c14f0000)
  from space 2624K,  42% used [0x00000000c1780000, 0x00000000c1898278, 0x00000000c1a10000)
  to   space 2624K,   0% used [0x00000000c14f0000, 0x00000000c14f0000, 0x00000000c1780000)
 tenured generation   total 53260K, used 29454K [0x00000000d5550000, 0x00000000d8953000, 0x0000000100000000)
   the space 53260K,  55% used [0x00000000d5550000, 0x00000000d7213ba8, 0x00000000d7213c00, 0x00000000d8953000)
 Metaspace       used 48986K, capacity 49766K, committed 50600K, reserved 1093632K
  class space    used 6400K, capacity 6588K, committed 6824K, reserved 1048576K
}
Event: 10912.624 GC heap before
{Heap before GC invocations=158 (full 10):
 def new generation   total 24064K, used 22560K [0x00000000c0000000, 0x00000000c1a10000, 0x00000000d5550000)
  eden space 21440K, 100% used [0x00000000c0000000, 0x00000000c14f0000, 0x00000000c14f0000)
  from space 2624K,  42% used [0x00000000c1780000, 0x00000000c1898278, 0x00000000c1a10000)
  to   space 2624K,   0% used [0x00000000c14f0000, 0x00000000c14f0000, 0x00000000c1780000)
 tenured generation   total 53260K, used 29454K [0x00000000d5550000, 0x00000000d8953000, 0x0000000100000000)
   the space 53260K,  55% used [0x00000000d5550000, 0x00000000d7213ba8, 0x00000000d7213c00, 0x00000000d8953000)
 Metaspace       used 49023K, capacity 49824K, committed 50600K, reserved 1093632K
  class space    used 6406K, capacity 6597K, committed 6824K, reserved 1048576K
}
Event: 10913.773 GC heap after
{Heap after GC invocations=159 (full 10):
 def new generation   total 24064K, used 723K [0x00000000c0000000, 0x00000000c1a10000, 0x00000000d5550000)
  eden space 21440K,   0% used [0x00000000c0000000, 0x00000000c0000000, 0x00000000c14f0000)
  from space 2624K,  27% used [0x00000000c14f0000, 0x00000000c15a4fc0, 0x00000000c1780000)
  to   space 2624K,   0% used [0x00000000c1780000, 0x00000000c1780000, 0x00000000c1a10000)
 tenured generation   total 53260K, used 29454K [0x00000000d5550000, 0x00000000d8953000, 0x0000000100000000)
   the space 53260K,  55% used [0x00000000d5550000, 0x00000000d7213ba8, 0x00000000d7213c00, 0x00000000d8953000)
 Metaspace       used 49023K, capacity 49824K, committed 50600K, reserved 1093632K
  class space    used 6406K, capacity 6597K, committed 6824K, reserved 1048576K
}
Event: 10946.756 GC heap before
{Heap before GC invocations=159 (full 10):
 def new generation   total 24064K, used 20638K [0x00000000c0000000, 0x00000000c1a10000, 0x00000000d5550000)
  eden space 21440K,  92% used [0x00000000c0000000, 0x00000000c1372928, 0x00000000c14f0000)
  from space 2624K,  27% used [0x00000000c14f0000, 0x00000000c15a4fc0, 0x00000000c1780000)
  to   space 2624K,   0% used [0x00000000c1780000, 0x00000000c1780000, 0x00000000c1a10000)
 tenured generation   total 53260K, used 29454K [0x00000000d5550000, 0x00000000d8953000, 0x0000000100000000)
   the space 53260K,  55% used [0x00000000d5550000, 0x00000000d7213ba8, 0x00000000d7213c00, 0x00000000d8953000)
 Metaspace       used 49039K, capacity 49848K, committed 50600K, reserved 1093632K
  class space    used 6408K, capacity 6601K, committed 6824K, reserved 1048576K
}
Event: 10947.224 GC heap after
{Heap after GC invocations=160 (full 10):
 def new generation   total 24064K, used 834K [0x00000000c0000000, 0x00000000c1a10000, 0x00000000d5550000)
  eden space 21440K,   0% used [0x00000000c0000000, 0x00000000c0000000, 0x00000000c14f0000)
  from space 2624K,  31% used [0x00000000c1780000, 0x00000000c1850ab0, 0x00000000c1a10000)
  to   space 2624K,   0% used [0x00000000c14f0000, 0x00000000c14f0000, 0x00000000c1780000)
 tenured generation   total 53260K, used 29454K [0x00000000d5550000, 0x00000000d8953000, 0x0000000100000000)
   the space 53260K,  55% used [0x00000000d5550000, 0x00000000d7213ba8, 0x00000000d7213c00, 0x00000000d8953000)
 Metaspace       used 49039K, capacity 49848K, committed 50600K, reserved 1093632K
  class space    used 6408K, capacity 6601K, committed 6824K, reserved 1048576K
}

Deoptimization events (10 events):
Event: 10881.670 Thread 0x00007fae3030c800 Uncommon trap: reason=array_check action=maybe_recompile pc=0x00007fae69bd35a8 method=java.util.TimSort.binarySort([Ljava/lang/Object;IIILjava/util/Comparator;)V @ 193
Event: 10881.671 Thread 0x00007fae3030c800 Uncommon trap: reason=array_check action=maybe_recompile pc=0x00007fae69bd34c0 method=java.util.TimSort.binarySort([Ljava/lang/Object;IIILjava/util/Comparator;)V @ 215
Event: 10881.671 Thread 0x00007fae3030c800 Uncommon trap: reason=array_check action=maybe_recompile pc=0x00007fae69bd34c0 method=java.util.TimSort.binarySort([Ljava/lang/Object;IIILjava/util/Comparator;)V @ 215
Event: 10881.671 Thread 0x00007fae3030c800 Uncommon trap: reason=array_check action=maybe_recompile pc=0x00007fae69bd3698 method=java.util.TimSort.binarySort([Ljava/lang/Object;IIILjava/util/Comparator;)V @ 183
Event: 10881.673 Thread 0x00007fae3030c800 Uncommon trap: reason=array_check action=maybe_recompile pc=0x00007fae69bd35a8 method=java.util.TimSort.binarySort([Ljava/lang/Object;IIILjava/util/Comparator;)V @ 193
Event: 10885.620 Thread 0x00007fae24027000 Uncommon trap: reason=unstable_if action=reinterpret pc=0x00007fae69b1d654 method=java.lang.ref.SoftReference.get()Ljava/lang/Object; @ 6
Event: 10885.620 Thread 0x00007fae2402c000 Uncommon trap: reason=unstable_if action=reinterpret pc=0x00007fae69b1d654 method=java.lang.ref.SoftReference.get()Ljava/lang/Object; @ 6
Event: 10885.622 Thread 0x00007fae2402c000 Uncommon trap: reason=unstable_if action=reinterpret pc=0x00007fae698ea8ec method=java.lang.reflect.Field.declaredAnnotations()Ljava/util/Map; @ 19
Event: 10886.097 Thread 0x00007fae3030c800 Uncommon trap: reason=array_check action=maybe_recompile pc=0x00007fae69be2f68 method=java.util.TimSort.reverseRange([Ljava/lang/Object;II)V @ 20
Event: 10898.273 Thread 0x00007fae30754800 Uncommon trap: reason=unstable_if action=reinterpret pc=0x00007fae69b08de8 method=scala.collection.mutable.FlatHashTable$class.addEntry(Lscala/collection/mutable/FlatHashTable;Ljava/lang/Object;)Z @ 96

Classes redefined (0 events):
No events

Internal exceptions (10 events):
Event: 10884.708 Thread 0x00007fae30601800 Exception <a 'java/lang/NoSuchMethodError': <clinit>> (0x00000000c0f1efc0) thrown at [/build/openjdk-9-argm_o/openjdk-9-9~b114/src/hotspot/src/share/vm/prims/jni.cpp, line 1343]
Event: 10884.709 Thread 0x00007fae30601800 Exception <a 'java/lang/NoSuchMethodError': <clinit>> (0x00000000c0f22338) thrown at [/build/openjdk-9-argm_o/openjdk-9-9~b114/src/hotspot/src/share/vm/prims/jni.cpp, line 1343]
Event: 10884.714 Thread 0x00007fae30601800 Exception <a 'java/lang/NoSuchMethodError': <clinit>> (0x00000000c0f34e20) thrown at [/build/openjdk-9-argm_o/openjdk-9-9~b114/src/hotspot/src/share/vm/prims/jni.cpp, line 1343]
Event: 10884.714 Thread 0x00007fae30601800 Exception <a 'java/lang/NoSuchMethodError': <clinit>> (0x00000000c0f35f40) thrown at [/build/openjdk-9-argm_o/openjdk-9-9~b114/src/hotspot/src/share/vm/prims/jni.cpp, line 1343]
Event: 10884.714 Thread 0x00007fae30601800 Exception <a 'java/lang/NoSuchMethodError': <clinit>> (0x00000000c0f371d0) thrown at [/build/openjdk-9-argm_o/openjdk-9-9~b114/src/hotspot/src/share/vm/prims/jni.cpp, line 1343]
Event: 10884.816 Thread 0x00007fae3030c800 Exception <a 'java/lang/NoSuchMethodError': <clinit>> (0x00000000c137e5a8) thrown at [/build/openjdk-9-argm_o/openjdk-9-9~b114/src/hotspot/src/share/vm/prims/jni.cpp, line 1343]
Event: 10885.619 Thread 0x00007fae24027000 Implicit null exception at 0x00007fae69b1a0d8 to 0x00007fae69b1d631
Event: 10885.620 Thread 0x00007fae2402c000 Implicit null exception at 0x00007fae69b1a0d8 to 0x00007fae69b1d631
Event: 10885.941 Thread 0x00007fae24027000 Exception <a 'java/lang/NoSuchMethodError': <clinit>> (0x00000000c01359d0) thrown at [/build/openjdk-9-argm_o/openjdk-9-9~b114/src/hotspot/src/share/vm/prims/jni.cpp, line 1343]
Event: 10886.096 Thread 0x00007fae3030c800 Exception <a 'java/lang/NoSuchMethodError': <clinit>> (0x00000000c05c4408) thrown at [/build/openjdk-9-argm_o/openjdk-9-9~b114/src/hotspot/src/share/vm/prims/jni.cpp, line 1343]

Events (10 events):
Event: 10976.276 loading class PythonRDD
Event: 10976.309 loading class PythonRDD done
Event: 10976.709 loading class java/lang/PythonRDD
Event: 10976.746 loading class java/lang/PythonRDD done
Event: 10976.987 loading class org/apache/spark/api/java/PythonRDD
Event: 10977.051 loading class org/apache/spark/api/java/PythonRDD done
Event: 10996.389 Executing VM operation: RevokeBias
Event: 10996.775 Executing VM operation: RevokeBias done
Event: 11003.105 Thread 0x00007fae443ab800 Thread added: 0x00007fae443ab800
Event: 11003.335 Thread 0x00007fae48007800 Thread added: 0x00007fae48007800


Dynamic libraries:
00400000-00401000 r-xp 00000000 08:01 256951                             /usr/lib/jvm/java-9-openjdk-amd64/bin/java
00600000-00601000 r--p 00000000 08:01 256951                             /usr/lib/jvm/java-9-openjdk-amd64/bin/java
00601000-00602000 rw-p 00001000 08:01 256951                             /usr/lib/jvm/java-9-openjdk-amd64/bin/java
01e1b000-01e80000 rw-p 00000000 00:00 0                                  [heap]
c0000000-c1a10000 rw-p 00000000 00:00 0 
c1a10000-d5550000 ---p 00000000 00:00 0 
d5550000-d8953000 rw-p 00000000 00:00 0 
d8953000-100000000 ---p 00000000 00:00 0 
100000000-1006aa000 rw-p 00000000 00:00 0 
1006aa000-140000000 ---p 00000000 00:00 0 
7fae213a3000-7fae213a7000 ---p 00000000 00:00 0 
7fae213a7000-7fae214a4000 rw-p 00000000 00:00 0 
7fae216e9000-7fae216ed000 ---p 00000000 00:00 0 
7fae216ed000-7fae217ea000 rw-p 00000000 00:00 0 
7fae218eb000-7fae218ef000 ---p 00000000 00:00 0 
7fae218ef000-7fae219ec000 rw-p 00000000 00:00 0 
7fae219ec000-7fae219f0000 ---p 00000000 00:00 0 
7fae219f0000-7fae21aed000 rw-p 00000000 00:00 0 
7fae21aed000-7fae21af1000 ---p 00000000 00:00 0 
7fae21af1000-7fae21bee000 rw-p 00000000 00:00 0 
7fae21bee000-7fae21bf2000 ---p 00000000 00:00 0 
7fae21bf2000-7fae21cef000 rw-p 00000000 00:00 0 
7fae21df4000-7fae21ef1000 rw-p 00000000 00:00 0 
7fae21ef1000-7fae21ef5000 ---p 00000000 00:00 0 
7fae21ef5000-7fae21ff2000 rw-p 00000000 00:00 0 
7fae21ff2000-7fae21ff6000 ---p 00000000 00:00 0 
7fae21ff6000-7fae220f3000 rw-p 00000000 00:00 0 
7fae220f3000-7fae220f7000 ---p 00000000 00:00 0 
7fae220f7000-7fae221f4000 rw-p 00000000 00:00 0 
7fae221f4000-7fae221f8000 ---p 00000000 00:00 0 
7fae221f8000-7fae222f5000 rw-p 00000000 00:00 0 
7fae222f5000-7fae222f9000 ---p 00000000 00:00 0 
7fae222f9000-7fae223f6000 rw-p 00000000 00:00 0 
7fae223f6000-7fae223fa000 ---p 00000000 00:00 0 
7fae223fa000-7fae224f7000 rw-p 00000000 00:00 0 
7fae224f7000-7fae224fb000 ---p 00000000 00:00 0 
7fae224fb000-7fae225f8000 rw-p 00000000 00:00 0 
7fae225f8000-7fae225fc000 ---p 00000000 00:00 0 
7fae225fc000-7fae226f9000 rw-p 00000000 00:00 0 
7fae226f9000-7fae226fd000 ---p 00000000 00:00 0 
7fae226fd000-7fae227fa000 rw-p 00000000 00:00 0 
7fae227fa000-7fae227fe000 ---p 00000000 00:00 0 
7fae227fe000-7fae228fb000 rw-p 00000000 00:00 0 
7fae228fb000-7fae228ff000 ---p 00000000 00:00 0 
7fae228ff000-7fae229fc000 rw-p 00000000 00:00 0 
7fae229fc000-7fae22a00000 ---p 00000000 00:00 0 
7fae22a00000-7fae22afd000 rw-p 00000000 00:00 0 
7fae22afd000-7fae22b01000 ---p 00000000 00:00 0 
7fae22b01000-7fae22bfe000 rw-p 00000000 00:00 0 
7fae22bfe000-7fae22c02000 ---p 00000000 00:00 0 
7fae22c02000-7fae22cff000 rw-p 00000000 00:00 0 
7fae22cff000-7fae22d03000 ---p 00000000 00:00 0 
7fae22d03000-7fae22e00000 rw-p 00000000 00:00 0 
7fae22e00000-7fae22e04000 ---p 00000000 00:00 0 
7fae22e04000-7fae22f01000 rw-p 00000000 00:00 0 
7fae22f01000-7fae22f05000 ---p 00000000 00:00 0 
7fae22f05000-7fae23002000 rw-p 00000000 00:00 0 
7fae23103000-7fae23107000 ---p 00000000 00:00 0 
7fae23107000-7fae23204000 rw-p 00000000 00:00 0 
7fae23422000-7fae23426000 ---p 00000000 00:00 0 
7fae23426000-7fae23523000 rw-p 00000000 00:00 0 
7fae235de000-7fae237de000 rw-p 00000000 00:00 0 
7fae237e2000-7fae238df000 rw-p 00000000 00:00 0 
7fae239fc000-7fae23a00000 ---p 00000000 00:00 0 
7fae23a00000-7fae23afd000 rw-p 00000000 00:00 0 
7fae23c00000-7fae23cc0000 rw-p 00000000 00:00 0 
7fae23cc0000-7fae23e00000 ---p 00000000 00:00 0 
7fae23e00000-7fae24000000 rw-p 00000000 00:00 0 
7fae24000000-7fae2406f000 rw-p 00000000 00:00 0 
7fae2406f000-7fae28000000 ---p 00000000 00:00 0 
7fae280ca000-7fae281c7000 rw-p 00000000 00:00 0 
7fae281c7000-7fae281cb000 ---p 00000000 00:00 0 
7fae281cb000-7fae282c8000 rw-p 00000000 00:00 0 
7fae282c8000-7fae282cc000 ---p 00000000 00:00 0 
7fae282cc000-7fae283c9000 rw-p 00000000 00:00 0 
7fae283c9000-7fae283cd000 ---p 00000000 00:00 0 
7fae283cd000-7fae284ca000 rw-p 00000000 00:00 0 
7fae284ca000-7fae284ce000 ---p 00000000 00:00 0 
7fae284ce000-7fae285cb000 rw-p 00000000 00:00 0 
7fae285cb000-7fae285cf000 ---p 00000000 00:00 0 
7fae285cf000-7fae286cc000 rw-p 00000000 00:00 0 
7fae286cc000-7fae286d0000 ---p 00000000 00:00 0 
7fae286d0000-7fae287cd000 rw-p 00000000 00:00 0 
7fae287cd000-7fae287d1000 ---p 00000000 00:00 0 
7fae287d1000-7fae288ce000 rw-p 00000000 00:00 0 
7fae289d3000-7fae28ad0000 rw-p 00000000 00:00 0 
7fae28ad0000-7fae28ad4000 ---p 00000000 00:00 0 
7fae28ad4000-7fae28bd1000 rw-p 00000000 00:00 0 
7fae28cd2000-7fae28cd6000 ---p 00000000 00:00 0 
7fae28cd6000-7fae28dd3000 rw-p 00000000 00:00 0 
7fae28dd3000-7fae28dd7000 ---p 00000000 00:00 0 
7fae28dd7000-7fae28ed4000 rw-p 00000000 00:00 0 
7fae28ed4000-7fae28ed8000 ---p 00000000 00:00 0 
7fae28ed8000-7fae28fd5000 rw-p 00000000 00:00 0 
7fae28fd5000-7fae28fd9000 ---p 00000000 00:00 0 
7fae28fd9000-7fae290d6000 rw-p 00000000 00:00 0 
7fae290d6000-7fae290da000 ---p 00000000 00:00 0 
7fae290da000-7fae291d7000 rw-p 00000000 00:00 0 
7fae291d7000-7fae291db000 ---p 00000000 00:00 0 
7fae291db000-7fae294d8000 rw-p 00000000 00:00 0 
7fae294d8000-7fae296d8000 rw-p 00000000 00:00 0 
7fae296d8000-7fae296e5000 r-xp 00000000 08:01 56778                      /tmp/liblz4-java469747633541638417.so
7fae296e5000-7fae298e4000 ---p 0000d000 08:01 56778                      /tmp/liblz4-java469747633541638417.so
7fae298e4000-7fae298e5000 rw-p 0000c000 08:01 56778                      /tmp/liblz4-java469747633541638417.so
7fae298e5000-7fae298e9000 ---p 00000000 00:00 0 
7fae298e9000-7fae29be6000 rw-p 00000000 00:00 0 
7fae29be6000-7fae29de6000 rw-p 00000000 00:00 0 
7fae29de6000-7fae29fe6000 rw-p 00000000 00:00 0 
7fae29fe6000-7fae29fea000 ---p 00000000 00:00 0 
7fae29fea000-7fae2a0e7000 rw-p 00000000 00:00 0 
7fae2a0e7000-7fae2a0eb000 ---p 00000000 00:00 0 
7fae2a0eb000-7fae2a1e8000 rw-p 00000000 00:00 0 
7fae2a1e8000-7fae2a1ec000 ---p 00000000 00:00 0 
7fae2a1ec000-7fae2a4e9000 rw-p 00000000 00:00 0 
7fae2a4e9000-7fae2a4ed000 ---p 00000000 00:00 0 
7fae2a4ed000-7fae2a5ea000 rw-p 00000000 00:00 0 
7fae2a5ea000-7fae2a5ee000 ---p 00000000 00:00 0 
7fae2a5ee000-7fae2a6eb000 rw-p 00000000 00:00 0 
7fae2a6eb000-7fae2a6ef000 ---p 00000000 00:00 0 
7fae2a6ef000-7fae2a7ec000 rw-p 00000000 00:00 0 
7fae2a7ec000-7fae2a7f0000 ---p 00000000 00:00 0 
7fae2a7f0000-7fae2a8ed000 rw-p 00000000 00:00 0 
7fae2a8ed000-7fae2a8f1000 ---p 00000000 00:00 0 
7fae2a8f1000-7fae2abee000 rw-p 00000000 00:00 0 
7fae2abee000-7fae2abf2000 ---p 00000000 00:00 0 
7fae2abf2000-7fae2acef000 rw-p 00000000 00:00 0 
7fae2acef000-7fae2acf3000 ---p 00000000 00:00 0 
7fae2acf3000-7fae2adf0000 rw-p 00000000 00:00 0 
7fae2adf0000-7fae2adf4000 ---p 00000000 00:00 0 
7fae2adf4000-7fae2aef1000 rw-p 00000000 00:00 0 
7fae2aef1000-7fae2aef5000 ---p 00000000 00:00 0 
7fae2aef5000-7fae2aff2000 rw-p 00000000 00:00 0 
7fae2aff2000-7fae2aff6000 ---p 00000000 00:00 0 
7fae2aff6000-7fae2b0f3000 rw-p 00000000 00:00 0 
7fae2b0f3000-7fae2b0f7000 ---p 00000000 00:00 0 
7fae2b0f7000-7fae2b1f4000 rw-p 00000000 00:00 0 
7fae2b1f4000-7fae2b1f8000 ---p 00000000 00:00 0 
7fae2b1f8000-7fae2b2f5000 rw-p 00000000 00:00 0 
7fae2b2f5000-7fae2b2f9000 ---p 00000000 00:00 0 
7fae2b2f9000-7fae2b3f6000 rw-p 00000000 00:00 0 
7fae2b3f6000-7fae2b3fa000 ---p 00000000 00:00 0 
7fae2b3fa000-7fae2b4f7000 rw-p 00000000 00:00 0 
7fae2b4f7000-7fae2b4fb000 ---p 00000000 00:00 0 
7fae2b4fb000-7fae2b7f8000 rw-p 00000000 00:00 0 
7fae2b7f8000-7fae2b7fc000 ---p 00000000 00:00 0 
7fae2b7fc000-7fae2b8f9000 rw-p 00000000 00:00 0 
7fae2b8f9000-7fae2b8fd000 ---p 00000000 00:00 0 
7fae2b8fd000-7fae2b9fa000 rw-p 00000000 00:00 0 
7fae2b9fa000-7fae2b9fe000 ---p 00000000 00:00 0 
7fae2b9fe000-7fae2bafb000 rw-p 00000000 00:00 0 
7fae2bafb000-7fae2baff000 ---p 00000000 00:00 0 
7fae2baff000-7fae2bbfc000 rw-p 00000000 00:00 0 
7fae2bbfc000-7fae2bc00000 ---p 00000000 00:00 0 
7fae2bc00000-7fae2bcfd000 rw-p 00000000 00:00 0 
7fae2bcfd000-7fae2bd01000 ---p 00000000 00:00 0 
7fae2bd01000-7fae2bdfe000 rw-p 00000000 00:00 0 
7fae2bdfe000-7fae2be02000 ---p 00000000 00:00 0 
7fae2be02000-7fae2beff000 rw-p 00000000 00:00 0 
7fae2beff000-7fae2bf03000 ---p 00000000 00:00 0 
7fae2bf03000-7fae2c000000 rw-p 00000000 00:00 0 
7fae2c000000-7fae2c02e000 rw-p 00000000 00:00 0 
7fae2c02e000-7fae30000000 ---p 00000000 00:00 0 
7fae30000000-7fae30aae000 rw-p 00000000 00:00 0 
7fae30aae000-7fae34000000 ---p 00000000 00:00 0 
7fae34000000-7fae340dc000 rw-p 00000000 00:00 0 
7fae340dc000-7fae38000000 ---p 00000000 00:00 0 
7fae38000000-7fae38108000 rw-p 00000000 00:00 0 
7fae38108000-7fae3c000000 ---p 00000000 00:00 0 
7fae3c000000-7fae3c041000 rw-p 00000000 00:00 0 
7fae3c041000-7fae40000000 ---p 00000000 00:00 0 
7fae40000000-7fae40054000 rw-p 00000000 00:00 0 
7fae40054000-7fae44000000 ---p 00000000 00:00 0 
7fae44000000-7fae44997000 rw-p 00000000 00:00 0 
7fae44997000-7fae48000000 ---p 00000000 00:00 0 
7fae48000000-7fae48025000 rw-p 00000000 00:00 0 
7fae48025000-7fae4c000000 ---p 00000000 00:00 0 
7fae4c000000-7fae4c029000 rw-p 00000000 00:00 0 
7fae4c029000-7fae50000000 ---p 00000000 00:00 0 
7fae50000000-7fae526ca000 rw-p 00000000 00:00 0 
7fae526ca000-7fae54000000 ---p 00000000 00:00 0 
7fae54000000-7fae5402f000 rw-p 00000000 00:00 0 
7fae5402f000-7fae58000000 ---p 00000000 00:00 0 
7fae58000000-7fae5802c000 rw-p 00000000 00:00 0 
7fae5802c000-7fae5c000000 ---p 00000000 00:00 0 
7fae5c000000-7fae5c63e000 rw-p 00000000 00:00 0 
7fae5c63e000-7fae60000000 ---p 00000000 00:00 0 
7fae6003b000-7fae6003f000 ---p 00000000 00:00 0 
7fae6003f000-7fae6013c000 rw-p 00000000 00:00 0 
7fae6013c000-7fae60140000 ---p 00000000 00:00 0 
7fae60140000-7fae6023d000 rw-p 00000000 00:00 0 
7fae6023d000-7fae60241000 ---p 00000000 00:00 0 
7fae60241000-7fae6033e000 rw-p 00000000 00:00 0 
7fae6033e000-7fae60342000 ---p 00000000 00:00 0 
7fae60342000-7fae6063f000 rw-p 00000000 00:00 0 
7fae6063f000-7fae60643000 ---p 00000000 00:00 0 
7fae60643000-7fae60940000 rw-p 00000000 00:00 0 
7fae60940000-7fae60941000 r-xp 00000000 08:01 256969                     /usr/lib/jvm/java-9-openjdk-amd64/lib/amd64/libjaas_unix.so
7fae60941000-7fae60b40000 ---p 00001000 08:01 256969                     /usr/lib/jvm/java-9-openjdk-amd64/lib/amd64/libjaas_unix.so
7fae60b40000-7fae60b41000 r--p 00000000 08:01 256969                     /usr/lib/jvm/java-9-openjdk-amd64/lib/amd64/libjaas_unix.so
7fae60b41000-7fae60b42000 rw-p 00001000 08:01 256969                     /usr/lib/jvm/java-9-openjdk-amd64/lib/amd64/libjaas_unix.so
7fae60b42000-7fae60b47000 r-xp 00000000 08:01 256975                     /usr/lib/jvm/java-9-openjdk-amd64/lib/amd64/libmanagement_ext.so
7fae60b47000-7fae60d46000 ---p 00005000 08:01 256975                     /usr/lib/jvm/java-9-openjdk-amd64/lib/amd64/libmanagement_ext.so
7fae60d46000-7fae60d47000 r--p 00004000 08:01 256975                     /usr/lib/jvm/java-9-openjdk-amd64/lib/amd64/libmanagement_ext.so
7fae60d47000-7fae60d48000 rw-p 00005000 08:01 256975                     /usr/lib/jvm/java-9-openjdk-amd64/lib/amd64/libmanagement_ext.so
7fae60d48000-7fae60d4d000 r-xp 00000000 08:01 256989                     /usr/lib/jvm/java-9-openjdk-amd64/lib/amd64/libmanagement.so
7fae60d4d000-7fae60f4c000 ---p 00005000 08:01 256989                     /usr/lib/jvm/java-9-openjdk-amd64/lib/amd64/libmanagement.so
7fae60f4c000-7fae60f4d000 r--p 00004000 08:01 256989                     /usr/lib/jvm/java-9-openjdk-amd64/lib/amd64/libmanagement.so
7fae60f4d000-7fae60f4e000 rw-p 00005000 08:01 256989                     /usr/lib/jvm/java-9-openjdk-amd64/lib/amd64/libmanagement.so
7fae60f4e000-7fae6114e000 rw-p 00000000 00:00 0 
7fae6114e000-7fae6134e000 rw-p 00000000 00:00 0 
7fae6134e000-7fae6154e000 rw-p 00000000 00:00 0 
7fae6154e000-7fae61552000 ---p 00000000 00:00 0 
7fae61552000-7fae6164f000 rw-p 00000000 00:00 0 
7fae6164f000-7fae61653000 ---p 00000000 00:00 0 
7fae61653000-7fae61750000 rw-p 00000000 00:00 0 
7fae61750000-7fae61754000 ---p 00000000 00:00 0 
7fae61754000-7fae61a51000 rw-p 00000000 00:00 0 
7fae61a51000-7fae61c51000 rw-p 00000000 00:00 0 
7fae61c51000-7fae61ec1000 rwxp 00000000 00:00 0 
7fae61ec1000-7fae621e0000 ---p 00000000 00:00 0 
7fae621e0000-7fae63170000 rwxp 00000000 00:00 0 
7fae63170000-7fae69718000 ---p 00000000 00:00 0 
7fae69718000-7fae69bf8000 rwxp 00000000 00:00 0 
7fae69bf8000-7fae70c51000 ---p 00000000 00:00 0 
7fae70c51000-7fae78000000 r--s 00000000 08:01 256956                     /usr/lib/jvm/java-9-openjdk-amd64/lib/modules
7fae78000000-7fae78b9d000 rw-p 00000000 00:00 0 
7fae78b9d000-7fae7c000000 ---p 00000000 00:00 0 
7fae7c0b6000-7fae7c0ba000 ---p 00000000 00:00 0 
7fae7c0ba000-7fae7c1b7000 rw-p 00000000 00:00 0 
7fae7c1b7000-7fae7c1b8000 ---p 00000000 00:00 0 
7fae7c1b8000-7fae7c2b8000 rw-p 00000000 00:00 0 
7fae7c2b8000-7fae7c2bc000 ---p 00000000 00:00 0 
7fae7c2bc000-7fae7c3b9000 rw-p 00000000 00:00 0 
7fae7c3b9000-7fae7c3bd000 ---p 00000000 00:00 0 
7fae7c3bd000-7fae7c7bb000 rw-p 00000000 00:00 0 
7fae7c7bb000-7fae7c7d1000 r-xp 00000000 08:01 256972                     /usr/lib/jvm/java-9-openjdk-amd64/lib/amd64/libnet.so
7fae7c7d1000-7fae7c9d0000 ---p 00016000 08:01 256972                     /usr/lib/jvm/java-9-openjdk-amd64/lib/amd64/libnet.so
7fae7c9d0000-7fae7c9d1000 r--p 00015000 08:01 256972                     /usr/lib/jvm/java-9-openjdk-amd64/lib/amd64/libnet.so
7fae7c9d1000-7fae7c9d2000 rw-p 00016000 08:01 256972                     /usr/lib/jvm/java-9-openjdk-amd64/lib/amd64/libnet.so
7fae7c9d2000-7fae7c9e3000 r-xp 00000000 08:01 256999                     /usr/lib/jvm/java-9-openjdk-amd64/lib/amd64/libnio.so
7fae7c9e3000-7fae7cbe3000 ---p 00011000 08:01 256999                     /usr/lib/jvm/java-9-openjdk-amd64/lib/amd64/libnio.so
7fae7cbe3000-7fae7cbe4000 r--p 00011000 08:01 256999                     /usr/lib/jvm/java-9-openjdk-amd64/lib/amd64/libnio.so
7fae7cbe4000-7fae7cbe5000 rw-p 00012000 08:01 256999                     /usr/lib/jvm/java-9-openjdk-amd64/lib/amd64/libnio.so
7fae7cbe5000-7fae7cbe9000 ---p 00000000 00:00 0 
7fae7cbe9000-7fae7cce6000 rw-p 00000000 00:00 0 
7fae7cce6000-7fae7ccea000 ---p 00000000 00:00 0 
7fae7ccea000-7fae7cde7000 rw-p 00000000 00:00 0 
7fae7cde7000-7fae7cdeb000 ---p 00000000 00:00 0 
7fae7cdeb000-7fae7cee8000 rw-p 00000000 00:00 0 
7fae7cee8000-7fae7ceec000 ---p 00000000 00:00 0 
7fae7ceec000-7fae7cfe9000 rw-p 00000000 00:00 0 
7fae7cfe9000-7fae7d181000 r--p 00000000 08:01 28903                      /usr/lib/locale/locale-archive
7fae7d181000-7fae7d185000 ---p 00000000 00:00 0 
7fae7d185000-7fae7d282000 rw-p 00000000 00:00 0 
7fae7d282000-7fae7d286000 ---p 00000000 00:00 0 
7fae7d286000-7fae7d383000 rw-p 00000000 00:00 0 
7fae7d383000-7fae7d384000 ---p 00000000 00:00 0 
7fae7d384000-7fae7dcfa000 rw-p 00000000 00:00 0 
7fae7dcfa000-7fae7dd15000 rw-p 00000000 00:00 0 
7fae7dd15000-7fae7de50000 ---p 00000000 00:00 0 
7fae7de50000-7fae7de5e000 rw-p 00000000 00:00 0 
7fae7de5e000-7fae7defa000 ---p 00000000 00:00 0 
7fae7defa000-7fae7df15000 rw-p 00000000 00:00 0 
7fae7df15000-7fae7e050000 ---p 00000000 00:00 0 
7fae7e050000-7fae7e05b000 rw-p 00000000 00:00 0 
7fae7e05b000-7fae7e13c000 ---p 00000000 00:00 0 
7fae7e13c000-7fae7e15c000 rw-p 00000000 00:00 0 
7fae7e15c000-7fae7e227000 ---p 00000000 00:00 0 
7fae7e227000-7fae7e22c000 r-xp 00000000 08:01 256986                     /usr/lib/jvm/java-9-openjdk-amd64/lib/amd64/libjimage.so
7fae7e22c000-7fae7e42b000 ---p 00005000 08:01 256986                     /usr/lib/jvm/java-9-openjdk-amd64/lib/amd64/libjimage.so
7fae7e42b000-7fae7e42c000 r--p 00004000 08:01 256986                     /usr/lib/jvm/java-9-openjdk-amd64/lib/amd64/libjimage.so
7fae7e42c000-7fae7e42d000 rw-p 00005000 08:01 256986                     /usr/lib/jvm/java-9-openjdk-amd64/lib/amd64/libjimage.so
7fae7e42d000-7fae7e434000 r-xp 00000000 08:01 256982                     /usr/lib/jvm/java-9-openjdk-amd64/lib/amd64/libzip.so
7fae7e434000-7fae7e633000 ---p 00007000 08:01 256982                     /usr/lib/jvm/java-9-openjdk-amd64/lib/amd64/libzip.so
7fae7e633000-7fae7e634000 r--p 00006000 08:01 256982                     /usr/lib/jvm/java-9-openjdk-amd64/lib/amd64/libzip.so
7fae7e634000-7fae7e635000 rw-p 00007000 08:01 256982                     /usr/lib/jvm/java-9-openjdk-amd64/lib/amd64/libzip.so
7fae7e635000-7fae7e640000 r-xp 00000000 08:01 57741                      /lib/x86_64-linux-gnu/libnss_files-2.23.so
7fae7e640000-7fae7e83f000 ---p 0000b000 08:01 57741                      /lib/x86_64-linux-gnu/libnss_files-2.23.so
7fae7e83f000-7fae7e840000 r--p 0000a000 08:01 57741                      /lib/x86_64-linux-gnu/libnss_files-2.23.so
7fae7e840000-7fae7e841000 rw-p 0000b000 08:01 57741                      /lib/x86_64-linux-gnu/libnss_files-2.23.so
7fae7e841000-7fae7e847000 rw-p 00000000 00:00 0 
7fae7e847000-7fae7e852000 r-xp 00000000 08:01 57734                      /lib/x86_64-linux-gnu/libnss_nis-2.23.so
7fae7e852000-7fae7ea51000 ---p 0000b000 08:01 57734                      /lib/x86_64-linux-gnu/libnss_nis-2.23.so
7fae7ea51000-7fae7ea52000 r--p 0000a000 08:01 57734                      /lib/x86_64-linux-gnu/libnss_nis-2.23.so
7fae7ea52000-7fae7ea53000 rw-p 0000b000 08:01 57734                      /lib/x86_64-linux-gnu/libnss_nis-2.23.so
7fae7ea53000-7fae7ea69000 r-xp 00000000 08:01 57736                      /lib/x86_64-linux-gnu/libnsl-2.23.so
7fae7ea69000-7fae7ec68000 ---p 00016000 08:01 57736                      /lib/x86_64-linux-gnu/libnsl-2.23.so
7fae7ec68000-7fae7ec69000 r--p 00015000 08:01 57736                      /lib/x86_64-linux-gnu/libnsl-2.23.so
7fae7ec69000-7fae7ec6a000 rw-p 00016000 08:01 57736                      /lib/x86_64-linux-gnu/libnsl-2.23.so
7fae7ec6a000-7fae7ec6c000 rw-p 00000000 00:00 0 
7fae7ec6c000-7fae7ec74000 r-xp 00000000 08:01 57743                      /lib/x86_64-linux-gnu/libnss_compat-2.23.so
7fae7ec74000-7fae7ee73000 ---p 00008000 08:01 57743                      /lib/x86_64-linux-gnu/libnss_compat-2.23.so
7fae7ee73000-7fae7ee74000 r--p 00007000 08:01 57743                      /lib/x86_64-linux-gnu/libnss_compat-2.23.so
7fae7ee74000-7fae7ee75000 rw-p 00008000 08:01 57743                      /lib/x86_64-linux-gnu/libnss_compat-2.23.so
7fae7ee75000-7fae7eea0000 r-xp 00000000 08:01 256965                     /usr/lib/jvm/java-9-openjdk-amd64/lib/amd64/libjava.so
7fae7eea0000-7fae7f09f000 ---p 0002b000 08:01 256965                     /usr/lib/jvm/java-9-openjdk-amd64/lib/amd64/libjava.so
7fae7f09f000-7fae7f0a0000 r--p 0002a000 08:01 256965                     /usr/lib/jvm/java-9-openjdk-amd64/lib/amd64/libjava.so
7fae7f0a0000-7fae7f0a2000 rw-p 0002b000 08:01 256965                     /usr/lib/jvm/java-9-openjdk-amd64/lib/amd64/libjava.so
7fae7f0a2000-7fae7f0af000 r-xp 00000000 08:01 256966                     /usr/lib/jvm/java-9-openjdk-amd64/lib/amd64/libverify.so
7fae7f0af000-7fae7f2ae000 ---p 0000d000 08:01 256966                     /usr/lib/jvm/java-9-openjdk-amd64/lib/amd64/libverify.so
7fae7f2ae000-7fae7f2b0000 r--p 0000c000 08:01 256966                     /usr/lib/jvm/java-9-openjdk-amd64/lib/amd64/libverify.so
7fae7f2b0000-7fae7f2b1000 rw-p 0000e000 08:01 256966                     /usr/lib/jvm/java-9-openjdk-amd64/lib/amd64/libverify.so
7fae7f2b1000-7fae7f2b8000 r-xp 00000000 08:01 57744                      /lib/x86_64-linux-gnu/librt-2.23.so
7fae7f2b8000-7fae7f4b7000 ---p 00007000 08:01 57744                      /lib/x86_64-linux-gnu/librt-2.23.so
7fae7f4b7000-7fae7f4b8000 r--p 00006000 08:01 57744                      /lib/x86_64-linux-gnu/librt-2.23.so
7fae7f4b8000-7fae7f4b9000 rw-p 00007000 08:01 57744                      /lib/x86_64-linux-gnu/librt-2.23.so
7fae7f4b9000-7fae7f4cf000 r-xp 00000000 08:01 2035                       /lib/x86_64-linux-gnu/libgcc_s.so.1
7fae7f4cf000-7fae7f6ce000 ---p 00016000 08:01 2035                       /lib/x86_64-linux-gnu/libgcc_s.so.1
7fae7f6ce000-7fae7f6cf000 rw-p 00015000 08:01 2035                       /lib/x86_64-linux-gnu/libgcc_s.so.1
7fae7f6cf000-7fae7f7d7000 r-xp 00000000 08:01 57735                      /lib/x86_64-linux-gnu/libm-2.23.so
7fae7f7d7000-7fae7f9d6000 ---p 00108000 08:01 57735                      /lib/x86_64-linux-gnu/libm-2.23.so
7fae7f9d6000-7fae7f9d7000 r--p 00107000 08:01 57735                      /lib/x86_64-linux-gnu/libm-2.23.so
7fae7f9d7000-7fae7f9d8000 rw-p 00108000 08:01 57735                      /lib/x86_64-linux-gnu/libm-2.23.so
7fae7f9d8000-7fae7fb4a000 r-xp 00000000 08:01 25742                      /usr/lib/x86_64-linux-gnu/libstdc++.so.6.0.21
7fae7fb4a000-7fae7fd4a000 ---p 00172000 08:01 25742                      /usr/lib/x86_64-linux-gnu/libstdc++.so.6.0.21
7fae7fd4a000-7fae7fd54000 r--p 00172000 08:01 25742                      /usr/lib/x86_64-linux-gnu/libstdc++.so.6.0.21
7fae7fd54000-7fae7fd56000 rw-p 0017c000 08:01 25742                      /usr/lib/x86_64-linux-gnu/libstdc++.so.6.0.21
7fae7fd56000-7fae7fd5a000 rw-p 00000000 00:00 0 
7fae7fd5a000-7fae80bb8000 r-xp 00000000 08:01 256979                     /usr/lib/jvm/java-9-openjdk-amd64/lib/amd64/server/libjvm.so
7fae80bb8000-7fae80db8000 ---p 00e5e000 08:01 256979                     /usr/lib/jvm/java-9-openjdk-amd64/lib/amd64/server/libjvm.so
7fae80db8000-7fae80e6a000 r--p 00e5e000 08:01 256979                     /usr/lib/jvm/java-9-openjdk-amd64/lib/amd64/server/libjvm.so
7fae80e6a000-7fae80e9c000 rw-p 00f10000 08:01 256979                     /usr/lib/jvm/java-9-openjdk-amd64/lib/amd64/server/libjvm.so
7fae80e9c000-7fae80ee1000 rw-p 00000000 00:00 0 
7fae80ee1000-7fae80ef9000 r-xp 00000000 08:01 57748                      /lib/x86_64-linux-gnu/libpthread-2.23.so
7fae80ef9000-7fae810f8000 ---p 00018000 08:01 57748                      /lib/x86_64-linux-gnu/libpthread-2.23.so
7fae810f8000-7fae810f9000 r--p 00017000 08:01 57748                      /lib/x86_64-linux-gnu/libpthread-2.23.so
7fae810f9000-7fae810fa000 rw-p 00018000 08:01 57748                      /lib/x86_64-linux-gnu/libpthread-2.23.so
7fae810fa000-7fae810fe000 rw-p 00000000 00:00 0 
7fae810fe000-7fae81101000 r-xp 00000000 08:01 57733                      /lib/x86_64-linux-gnu/libdl-2.23.so
7fae81101000-7fae81300000 ---p 00003000 08:01 57733                      /lib/x86_64-linux-gnu/libdl-2.23.so
7fae81300000-7fae81301000 r--p 00002000 08:01 57733                      /lib/x86_64-linux-gnu/libdl-2.23.so
7fae81301000-7fae81302000 rw-p 00003000 08:01 57733                      /lib/x86_64-linux-gnu/libdl-2.23.so
7fae81302000-7fae8131b000 r-xp 00000000 08:01 2184                       /lib/x86_64-linux-gnu/libz.so.1.2.8
7fae8131b000-7fae8151a000 ---p 00019000 08:01 2184                       /lib/x86_64-linux-gnu/libz.so.1.2.8
7fae8151a000-7fae8151b000 r--p 00018000 08:01 2184                       /lib/x86_64-linux-gnu/libz.so.1.2.8
7fae8151b000-7fae8151c000 rw-p 00019000 08:01 2184                       /lib/x86_64-linux-gnu/libz.so.1.2.8
7fae8151c000-7fae816db000 r-xp 00000000 08:01 57737                      /lib/x86_64-linux-gnu/libc-2.23.so
7fae816db000-7fae818db000 ---p 001bf000 08:01 57737                      /lib/x86_64-linux-gnu/libc-2.23.so
7fae818db000-7fae818df000 r--p 001bf000 08:01 57737                      /lib/x86_64-linux-gnu/libc-2.23.so
7fae818df000-7fae818e1000 rw-p 001c3000 08:01 57737                      /lib/x86_64-linux-gnu/libc-2.23.so
7fae818e1000-7fae818e5000 rw-p 00000000 00:00 0 
7fae818e5000-7fae818f3000 r-xp 00000000 08:01 256996                     /usr/lib/jvm/java-9-openjdk-amd64/lib/amd64/jli/libjli.so
7fae818f3000-7fae81af2000 ---p 0000e000 08:01 256996                     /usr/lib/jvm/java-9-openjdk-amd64/lib/amd64/jli/libjli.so
7fae81af2000-7fae81af3000 r--p 0000d000 08:01 256996                     /usr/lib/jvm/java-9-openjdk-amd64/lib/amd64/jli/libjli.so
7fae81af3000-7fae81af4000 rw-p 0000e000 08:01 256996                     /usr/lib/jvm/java-9-openjdk-amd64/lib/amd64/jli/libjli.so
7fae81af4000-7fae81b1a000 r-xp 00000000 08:01 57738                      /lib/x86_64-linux-gnu/ld-2.23.so
7fae81b37000-7fae81b3b000 ---p 00000000 00:00 0 
7fae81b3b000-7fae81bf9000 rw-p 00000000 00:00 0 
7fae81bf9000-7fae81c00000 ---p 00000000 00:00 0 
7fae81c00000-7fae81c08000 rw-s 00000000 08:01 283115                     /tmp/hsperfdata_ubuntu/26327
7fae81c08000-7fae81c0c000 ---p 00000000 00:00 0 
7fae81c0c000-7fae81d0e000 rw-p 00000000 00:00 0 
7fae81d15000-7fae81d16000 rw-p 00000000 00:00 0 
7fae81d16000-7fae81d17000 ---p 00000000 00:00 0 
7fae81d17000-7fae81d19000 rw-p 00000000 00:00 0 
7fae81d19000-7fae81d1a000 r--p 00025000 08:01 57738                      /lib/x86_64-linux-gnu/ld-2.23.so
7fae81d1a000-7fae81d1b000 rw-p 00026000 08:01 57738                      /lib/x86_64-linux-gnu/ld-2.23.so
7fae81d1b000-7fae81d1c000 rw-p 00000000 00:00 0 
7ffcd5a74000-7ffcd5a95000 rw-p 00000000 00:00 0                          [stack]
7ffcd5ad7000-7ffcd5ad9000 r--p 00000000 00:00 0                          [vvar]
7ffcd5ad9000-7ffcd5adb000 r-xp 00000000 00:00 0                          [vdso]
ffffffffff600000-ffffffffff601000 r-xp 00000000 00:00 0                  [vsyscall]

VM Arguments:
jvm_args: -Xmx1g 
java_command: org.apache.spark.deploy.SparkSubmit --name PySparkShell pyspark-shell
java_class_path (initial): /vagrant/spark-2.0.1-bin-hadoop2.7/conf/:/vagrant/spark-2.0.1-bin-hadoop2.7/jars/jersey-client-2.22.2.jar:/vagrant/spark-2.0.1-bin-hadoop2.7/jars/jersey-common-2.22.2.jar:/vagrant/spark-2.0.1-bin-hadoop2.7/jars/jersey-container-servlet-2.22.2.jar:/vagrant/spark-2.0.1-bin-hadoop2.7/jars/jersey-container-servlet-core-2.22.2.jar:/vagrant/spark-2.0.1-bin-hadoop2.7/jars/jersey-guava-2.22.2.jar:/vagrant/spark-2.0.1-bin-hadoop2.7/jars/jersey-media-jaxb-2.22.2.jar:/vagrant/spark-2.0.1-bin-hadoop2.7/jars/jersey-server-2.22.2.jar:/vagrant/spark-2.0.1-bin-hadoop2.7/jars/jets3t-0.9.3.jar:/vagrant/spark-2.0.1-bin-hadoop2.7/jars/jetty-6.1.26.jar:/vagrant/spark-2.0.1-bin-hadoop2.7/jars/jetty-util-6.1.26.jar:/vagrant/spark-2.0.1-bin-hadoop2.7/jars/jline-2.12.1.jar:/vagrant/spark-2.0.1-bin-hadoop2.7/jars/joda-time-2.9.3.jar:/vagrant/spark-2.0.1-bin-hadoop2.7/jars/jodd-core-3.5.2.jar:/vagrant/spark-2.0.1-bin-hadoop2.7/jars/jpam-1.1.jar:/vagrant/spark-2.0.1-bin-hadoop2.7/jars/json-20090211.jar:/vagrant/spark-2.0.1-bin-hadoop2.7/jars/json4s-ast_2.11-3.2.11.jar:/vagrant/spark-2.0.1-bin-hadoop2.7/jars/json4s-core_2.11-3.2.11.jar:/vagrant/spark-2.0.1-bin-hadoop2.7/jars/json4s-jackson_2.11-3.2.11.jar:/vagrant/spark-2.0.1-bin-hadoop2.7/jars/jsp-api-2.1.jar:/vagrant/spark-2.0.1-bin-hadoop2.7/jars/jsr305-1.3.9.jar:/vagrant/spark-2.0.1-bin-hadoop2.7/jars/jta-1.1.jar:/vagrant/spark-2.0.1-bin-hadoop2.7/jars/jtransforms-2.4.0.jar:/vagrant/spark-2.0.1-bin-hadoop2.7/jars/jul-to-slf4j-1.7.16.jar:/vagrant/spark-2.0.1-bin-hadoop2.7/jars/kryo-shaded-3.0.3.jar:/vagrant/spark-2.0.1-bin-hadoop2.7/jars/leveldbjni-all-1.8.jar:/vagrant/spark-2.0.1-bin-hadoop2.7/jars/libfb303-0.9.2.jar:/vagrant/spark-2.0.1-bin-hadoop2.7/jars/libthrift-0.9.2.jar:/vagrant/spark-2.0.1-bin-hadoop2.7/jars/log4j-1.2.17.jar:/vagrant/spark-2.0.1-bin-hadoop2.7/jars/lz4-1.3.0.jar:/vagrant/spark-2.0.1-bin-hadoop2.7/jars/mail-1.4.7.jar:/vagrant/spark-2.0.1-bin-hadoop2.7/jars/mesos-0.21.1-shaded-protobuf.jar:/
Launcher Type: SUN_STANDARD

Environment Variables:
PATH=/usr/local/bin:/home/ubuntu/bin:/home/ubuntu/.local/bin:/usr/local/sbin:/usr/local/bin:/usr/sbin:/usr/bin:/sbin:/bin:/usr/games:/usr/local/games:/snap/bin
SHELL=/bin/bash

Signal Handlers:
SIGSEGV: [libjvm.so+0xc12c20], sa_mask[0]=11111111011111111101111111111110, sa_flags=SA_RESTART|SA_SIGINFO
SIGBUS: [libjvm.so+0xc12c20], sa_mask[0]=11111111011111111101111111111110, sa_flags=SA_RESTART|SA_SIGINFO
SIGFPE: [libjvm.so+0xc12c20], sa_mask[0]=11111111011111111101111111111110, sa_flags=SA_RESTART|SA_SIGINFO
SIGPIPE: [libjvm.so+0xa3b600], sa_mask[0]=11111111011111111101111111111110, sa_flags=SA_RESTART|SA_SIGINFO
SIGXFSZ: [libjvm.so+0xa3b600], sa_mask[0]=11111111011111111101111111111110, sa_flags=SA_RESTART|SA_SIGINFO
SIGILL: [libjvm.so+0xc12c20], sa_mask[0]=11111111011111111101111111111110, sa_flags=SA_RESTART|SA_SIGINFO
SIGUSR2: [libjvm.so+0xa3b4a0], sa_mask[0]=00000000000000000000000000000000, sa_flags=SA_RESTART|SA_SIGINFO
SIGHUP: [libjvm.so+0xa3b870], sa_mask[0]=11111111011111111101111111111110, sa_flags=SA_RESTART|SA_SIGINFO
SIGINT: SIG_IGN, sa_mask[0]=00000000000000000000000000000000, sa_flags=none
SIGTERM: [libjvm.so+0xa3b870], sa_mask[0]=11111111011111111101111111111110, sa_flags=SA_RESTART|SA_SIGINFO
SIGQUIT: [libjvm.so+0xa3b870], sa_mask[0]=11111111011111111101111111111110, sa_flags=SA_RESTART|SA_SIGINFO


---------------  S Y S T E M  ---------------

OS:DISTRIB_ID=Ubuntu
DISTRIB_RELEASE=16.04
DISTRIB_CODENAME=xenial
DISTRIB_DESCRIPTION="Ubuntu 16.04.1 LTS"
uname:Linux 4.4.0-59-generic #80-Ubuntu SMP Fri Jan 6 17:47:47 UTC 2017 x86_64
libc:glibc 2.23 NPTL 2.23 
rlimit: STACK 8192k, CORE 0k, NPROC 3914, NOFILE 65536, AS infinity
load average:8.08 3.03 1.11

/proc/meminfo:
MemTotal:        1016028 kB
MemFree:           51476 kB
MemAvailable:          0 kB
Buffers:             132 kB
Cached:            22992 kB
SwapCached:            0 kB
Active:           886280 kB
Inactive:          17020 kB
Active(anon):     885212 kB
Inactive(anon):    15780 kB
Active(file):       1068 kB
Inactive(file):     1240 kB
Unevictable:        3656 kB
Mlocked:            3656 kB
SwapTotal:             0 kB
SwapFree:              0 kB
Dirty:                 0 kB
Writeback:             0 kB
AnonPages:        883956 kB
Mapped:            15836 kB
Shmem:             18272 kB
Slab:              30692 kB
SReclaimable:      14176 kB
SUnreclaim:        16516 kB
KernelStack:        6160 kB
PageTables:         8752 kB
NFS_Unstable:          0 kB
Bounce:                0 kB
WritebackTmp:          0 kB
CommitLimit:      508012 kB
Committed_AS:    1549664 kB
VmallocTotal:   34359738367 kB
VmallocUsed:           0 kB
VmallocChunk:          0 kB
HardwareCorrupted:     0 kB
AnonHugePages:    382976 kB
CmaTotal:              0 kB
CmaFree:               0 kB
HugePages_Total:       0
HugePages_Free:        0
HugePages_Rsvd:        0
HugePages_Surp:        0
Hugepagesize:       2048 kB
DirectMap4k:       47040 kB
DirectMap2M:     1001472 kB


CPU:total 2 (2 cores per cpu, 1 threads per core) family 6 model 61 stepping 4, cmov, cx8, fxsr, mmx, sse, sse2, sse3, ssse3, sse4.1, sse4.2, popcnt, avx, aes, clmul, 3dnowpref, lzcnt, tsc, tscinvbit

CPU Model and flags from /proc/cpuinfo:
model name	: Intel(R) Core(TM) i5-5257U CPU @ 2.70GHz
flags		: fpu vme de pse tsc msr pae mce cx8 apic sep mtrr pge mca cmov pat pse36 clflush mmx fxsr sse sse2 ht syscall nx rdtscp lm constant_tsc rep_good nopl xtopology nonstop_tsc pni pclmulqdq ssse3 cx16 sse4_1 sse4_2 x2apic movbe popcnt aes xsave avx rdrand hypervisor lahf_lm abm 3dnowprefetch rdseed

Memory: 4k page, physical 1016028k(52224k free), swap 0k(0k free)

vm_info: OpenJDK 64-Bit Server VM (9-internal+0-2016-04-14-195246.buildd.src) for linux-amd64 JRE (9-internal+0-2016-04-14-195246.buildd.src), built on Apr 14 2016 20:05:37 by "buildd" with gcc 5.3.1 20160413

END.
