[    0.000000] Initializing cgroup subsys cpuset
[    0.000000] Initializing cgroup subsys cpu
[    0.000000] Initializing cgroup subsys cpuacct
[    0.000000] Linux version 4.4.0-59-generic (buildd@lgw01-11) (gcc version 5.4.0 20160609 (Ubuntu 5.4.0-6ubuntu1~16.04.4) ) #80-Ubuntu SMP Fri Jan 6 17:47:47 UTC 2017 (Ubuntu 4.4.0-59.80-generic 4.4.35)
[    0.000000] Command line: BOOT_IMAGE=/boot/vmlinuz-4.4.0-59-generic root=LABEL=cloudimg-rootfs ro console=tty1 console=ttyS0
[    0.000000] KERNEL supported cpus:
[    0.000000]   Intel GenuineIntel
[    0.000000]   AMD AuthenticAMD
[    0.000000]   Centaur CentaurHauls
[    0.000000] x86/fpu: xstate_offset[2]:  576, xstate_sizes[2]:  256
[    0.000000] x86/fpu: Supporting XSAVE feature 0x01: 'x87 floating point registers'
[    0.000000] x86/fpu: Supporting XSAVE feature 0x02: 'SSE registers'
[    0.000000] x86/fpu: Supporting XSAVE feature 0x04: 'AVX registers'
[    0.000000] x86/fpu: Enabled xstate features 0x7, context size is 832 bytes, using 'standard' format.
[    0.000000] x86/fpu: Using 'lazy' FPU context switches.
[    0.000000] e820: BIOS-provided physical RAM map:
[    0.000000] BIOS-e820: [mem 0x0000000000000000-0x000000000009fbff] usable
[    0.000000] BIOS-e820: [mem 0x000000000009fc00-0x000000000009ffff] reserved
[    0.000000] BIOS-e820: [mem 0x00000000000f0000-0x00000000000fffff] reserved
[    0.000000] BIOS-e820: [mem 0x0000000000100000-0x000000003ffeffff] usable
[    0.000000] BIOS-e820: [mem 0x000000003fff0000-0x000000003fffffff] ACPI data
[    0.000000] BIOS-e820: [mem 0x00000000fec00000-0x00000000fec00fff] reserved
[    0.000000] BIOS-e820: [mem 0x00000000fee00000-0x00000000fee00fff] reserved
[    0.000000] BIOS-e820: [mem 0x00000000fffc0000-0x00000000ffffffff] reserved
[    0.000000] NX (Execute Disable) protection: active
[    0.000000] SMBIOS 2.5 present.
[    0.000000] Hypervisor detected: KVM
[    0.000000] e820: last_pfn = 0x3fff0 max_arch_pfn = 0x400000000
[    0.000000] MTRR: Disabled
[    0.000000] x86/PAT: MTRRs disabled, skipping PAT initialization too.
[    0.000000] x86/PAT: Configuration [0-7]: WB  WT  UC- UC  WB  WT  UC- UC  
[    0.000000] CPU MTRRs all blank - virtualized system.
[    0.000000] found SMP MP-table at [mem 0x0009fff0-0x0009ffff] mapped at [ffff88000009fff0]
[    0.000000] Scanning 1 areas for low memory corruption
[    0.000000] RAMDISK: [mem 0x36b68000-0x375abfff]
[    0.000000] ACPI: Early table checksum verification disabled
[    0.000000] ACPI: RSDP 0x00000000000E0000 000024 (v02 VBOX  )
[    0.000000] ACPI: XSDT 0x000000003FFF0030 00003C (v01 VBOX   VBOXXSDT 00000001 ASL  00000061)
[    0.000000] ACPI: FACP 0x000000003FFF00F0 0000F4 (v04 VBOX   VBOXFACP 00000001 ASL  00000061)
[    0.000000] ACPI: DSDT 0x000000003FFF0470 00210F (v01 VBOX   VBOXBIOS 00000002 INTL 20100528)
[    0.000000] ACPI: FACS 0x000000003FFF0200 000040
[    0.000000] ACPI: FACS 0x000000003FFF0200 000040
[    0.000000] ACPI: APIC 0x000000003FFF0240 00005C (v02 VBOX   VBOXAPIC 00000001 ASL  00000061)
[    0.000000] ACPI: SSDT 0x000000003FFF02A0 0001CC (v01 VBOX   VBOXCPUT 00000002 INTL 20100528)
[    0.000000] No NUMA configuration found
[    0.000000] Faking a node at [mem 0x0000000000000000-0x000000003ffeffff]
[    0.000000] NODE_DATA(0) allocated [mem 0x3ffeb000-0x3ffeffff]
[    0.000000] kvm-clock: Using msrs 4b564d01 and 4b564d00
[    0.000000] kvm-clock: cpu 0, msr 0:3ffe3001, primary cpu clock
[    0.000000] kvm-clock: using sched offset of 2990771862 cycles
[    0.000000] clocksource: kvm-clock: mask: 0xffffffffffffffff max_cycles: 0x1cd42e4dffb, max_idle_ns: 881590591483 ns
[    0.000000] Zone ranges:
[    0.000000]   DMA      [mem 0x0000000000001000-0x0000000000ffffff]
[    0.000000]   DMA32    [mem 0x0000000001000000-0x000000003ffeffff]
[    0.000000]   Normal   empty
[    0.000000]   Device   empty
[    0.000000] Movable zone start for each node
[    0.000000] Early memory node ranges
[    0.000000]   node   0: [mem 0x0000000000001000-0x000000000009efff]
[    0.000000]   node   0: [mem 0x0000000000100000-0x000000003ffeffff]
[    0.000000] Initmem setup node 0 [mem 0x0000000000001000-0x000000003ffeffff]
[    0.000000] ACPI: PM-Timer IO Port: 0x4008
[    0.000000] IOAPIC[0]: apic_id 2, version 32, address 0xfec00000, GSI 0-23
[    0.000000] ACPI: INT_SRC_OVR (bus 0 bus_irq 0 global_irq 2 dfl dfl)
[    0.000000] ACPI: INT_SRC_OVR (bus 0 bus_irq 9 global_irq 9 high level)
[    0.000000] Using ACPI (MADT) for SMP configuration information
[    0.000000] smpboot: Allowing 2 CPUs, 0 hotplug CPUs
[    0.000000] PM: Registered nosave memory: [mem 0x00000000-0x00000fff]
[    0.000000] PM: Registered nosave memory: [mem 0x0009f000-0x0009ffff]
[    0.000000] PM: Registered nosave memory: [mem 0x000a0000-0x000effff]
[    0.000000] PM: Registered nosave memory: [mem 0x000f0000-0x000fffff]
[    0.000000] e820: [mem 0x40000000-0xfebfffff] available for PCI devices
[    0.000000] Booting paravirtualized kernel on KVM
[    0.000000] clocksource: refined-jiffies: mask: 0xffffffff max_cycles: 0xffffffff, max_idle_ns: 7645519600211568 ns
[    0.000000] setup_percpu: NR_CPUS:512 nr_cpumask_bits:512 nr_cpu_ids:2 nr_node_ids:1
[    0.000000] PERCPU: Embedded 33 pages/cpu @ffff88003fc00000 s98264 r8192 d28712 u1048576
[    0.000000] PV qspinlock hash table entries: 256 (order: 0, 4096 bytes)
[    0.000000] Built 1 zonelists in Node order, mobility grouping on.  Total pages: 257913
[    0.000000] Policy zone: DMA32
[    0.000000] Kernel command line: BOOT_IMAGE=/boot/vmlinuz-4.4.0-59-generic root=LABEL=cloudimg-rootfs ro console=tty1 console=ttyS0
[    0.000000] PID hash table entries: 4096 (order: 3, 32768 bytes)
[    0.000000] Memory: 1002068K/1048120K available (8436K kernel code, 1291K rwdata, 3960K rodata, 1488K init, 1316K bss, 46052K reserved, 0K cma-reserved)
[    0.000000] SLUB: HWalign=64, Order=0-3, MinObjects=0, CPUs=2, Nodes=1
[    0.000000] Hierarchical RCU implementation.
[    0.000000] 	Build-time adjustment of leaf fanout to 64.
[    0.000000] 	RCU restricting CPUs from NR_CPUS=512 to nr_cpu_ids=2.
[    0.000000] RCU: Adjusting geometry for rcu_fanout_leaf=64, nr_cpu_ids=2
[    0.000000] NR_IRQS:33024 nr_irqs:440 16
[    0.000000] Console: colour VGA+ 80x25
[    0.000000] console [tty1] enabled
[    0.000000] console [ttyS0] enabled
[    0.000000] tsc: Detected 2699.998 MHz processor
[    3.839111] Calibrating delay loop (skipped) preset value.. 5399.99 BogoMIPS (lpj=10799992)
[    3.948476] pid_max: default: 32768 minimum: 301
[    4.006013] ACPI: Core revision 20150930
[    4.067260] ACPI: 2 ACPI AML tables successfully acquired and loaded
[    4.156050] Security Framework initialized
[    4.189151] Yama: becoming mindful.
[    4.243591] AppArmor: AppArmor initialized
[    4.267695] Dentry cache hash table entries: 131072 (order: 8, 1048576 bytes)
[    4.280600] Inode-cache hash table entries: 65536 (order: 7, 524288 bytes)
[    4.296103] Mount-cache hash table entries: 2048 (order: 2, 16384 bytes)
[    4.390912] Mountpoint-cache hash table entries: 2048 (order: 2, 16384 bytes)
[    4.489961] Initializing cgroup subsys io
[    4.541833] Initializing cgroup subsys memory
[    4.604218] Initializing cgroup subsys devices
[    4.646724] Initializing cgroup subsys freezer
[    4.647756] Initializing cgroup subsys net_cls
[    4.648753] Initializing cgroup subsys perf_event
[    4.649806] Initializing cgroup subsys net_prio
[    4.658763] Initializing cgroup subsys hugetlb
[    4.686842] Initializing cgroup subsys pids
[    4.728220] CPU: Physical Processor ID: 0
[    4.751157] CPU: Processor Core ID: 0
[    4.752938] mce: CPU supports 0 MCE banks
[    4.797839] Last level iTLB entries: 4KB 64, 2MB 8, 4MB 8
[    4.882700] Last level dTLB entries: 4KB 64, 2MB 0, 4MB 0, 1GB 4
[    4.968425] Freeing SMP alternatives memory: 32K (ffffffff820b8000 - ffffffff820c0000)
[    5.063842] ftrace: allocating 32064 entries in 126 pages
[    5.177073] smpboot: APIC(0) Converting physical 0 to logical package 0
[    5.260562] smpboot: Max logical packages: 1
[    5.315270] x2apic enabled
[    5.331485] Switched APIC routing to physical x2apic.
[    5.333589] ..TIMER: vector=0x30 apic1=0 pin1=2 apic2=-1 pin2=-1
[    5.462462] smpboot: CPU0: Intel(R) Core(TM) i5-5257U CPU @ 2.70GHz (family: 0x6, model: 0x3d, stepping: 0x4)
[    5.593823] Performance Events: unsupported p6 CPU model 61 no PMU driver, software events only.
[    5.713106] KVM setup paravirtual spinlock
[    5.733811] x86: Booting SMP configuration:
[    5.764962] .... node  #0, CPUs:      #1
[    5.796671] kvm-clock: cpu 1, msr 0:3ffe3041, secondary cpu clock
[    5.811106] mce: CPU supports 0 MCE banks
[    5.822005] x86: Booted up 1 node, 2 CPUs
[    5.837732] smpboot: Total of 2 processors activated (10799.99 BogoMIPS)
[    5.879931] devtmpfs: initialized
[    5.921355] evm: security.selinux
[    5.970569] evm: security.SMACK64
[    5.996889] evm: security.SMACK64EXEC
[    6.030317] evm: security.SMACK64TRANSMUTE
[    6.078027] evm: security.SMACK64MMAP
[    6.113673] evm: security.ima
[    6.142650] evm: security.capability
[    6.178446] clocksource: jiffies: mask: 0xffffffff max_cycles: 0xffffffff, max_idle_ns: 7645041785100000 ns
[    6.267857] pinctrl core: initialized pinctrl subsystem
[    6.315573] RTC time:  0:39:24, date: 02/01/17
[    6.361599] NET: Registered protocol family 16
[    6.417586] cpuidle: using governor ladder
[    6.465407] cpuidle: using governor menu
[    6.480716] PCCT header not found.
[    6.516339] ACPI: bus type PCI registered
[    6.548136] acpiphp: ACPI Hot Plug PCI Controller Driver version: 0.5
[    6.607269] PCI: Using configuration type 1 for base access
[    6.668767] ACPI: Added _OSI(Module Device)
[    6.703669] ACPI: Added _OSI(Processor Device)
[    6.734779] ACPI: Added _OSI(3.0 _SCP Extensions)
[    6.806776] ACPI: Added _OSI(Processor Aggregator Device)
[    6.831887] ACPI: Executed 1 blocks of module-level executable AML code
[    6.850426] ACPI: Interpreter enabled
[    6.887427] ACPI: (supports S0 S5)
[    6.910121] ACPI: Using IOAPIC for interrupt routing
[    6.936366] PCI: Using host bridge windows from ACPI; if necessary, use "pci=nocrs" and report a bug
[    7.028875] ACPI: PCI Root Bridge [PCI0] (domain 0000 [bus 00-ff])
[    7.052677] acpi PNP0A03:00: _OSC: OS supports [ASPM ClockPM Segments MSI]
[    7.054028] acpi PNP0A03:00: _OSC failed (AE_NOT_FOUND); disabling ASPM
[    7.055342] acpi PNP0A03:00: fail to add MMCONFIG information, can't access extended PCI configuration space under this bridge.
[    7.079708] PCI host bridge to bus 0000:00
[    7.080896] pci_bus 0000:00: root bus resource [io  0x0000-0x0cf7 window]
[    7.082359] pci_bus 0000:00: root bus resource [io  0x0d00-0xffff window]
[    7.083807] pci_bus 0000:00: root bus resource [mem 0x000a0000-0x000bffff window]
[    7.142197] pci_bus 0000:00: root bus resource [mem 0x40000000-0xffdfffff window]
[    7.209673] pci_bus 0000:00: root bus resource [bus 00-ff]
[    7.266585] pci 0000:00:01.1: legacy IDE quirk: reg 0x10: [io  0x01f0-0x01f7]
[    7.342665] pci 0000:00:01.1: legacy IDE quirk: reg 0x14: [io  0x03f6]
[    7.380588] pci 0000:00:01.1: legacy IDE quirk: reg 0x18: [io  0x0170-0x0177]
[    7.381965] pci 0000:00:01.1: legacy IDE quirk: reg 0x1c: [io  0x0376]
[    7.423222] pci 0000:00:07.0: quirk: [io  0x4000-0x403f] claimed by PIIX4 ACPI
[    7.490255] pci 0000:00:07.0: quirk: [io  0x4100-0x410f] claimed by PIIX4 SMB
[    7.573370] ACPI: PCI Interrupt Link [LNKA] (IRQs 5 9 10 *11)
[    7.628837] ACPI: PCI Interrupt Link [LNKB] (IRQs 5 9 10 *11)
[    7.692219] ACPI: PCI Interrupt Link [LNKC] (IRQs 5 9 *10 11)
[    7.748808] ACPI: PCI Interrupt Link [LNKD] (IRQs 5 *9 10 11)
[    7.809214] ACPI: Enabled 2 GPEs in block 00 to 07
[    7.852248] vgaarb: setting as boot device: PCI:0000:00:02.0
[    7.909310] vgaarb: device added: PCI:0000:00:02.0,decodes=io+mem,owns=io+mem,locks=none
[    7.920620] vgaarb: loaded
[    7.922518] vgaarb: bridge control possible 0000:00:02.0
[    7.925527] SCSI subsystem initialized
[    7.945073] ACPI: bus type USB registered
[    7.967084] usbcore: registered new interface driver usbfs
[    8.010968] usbcore: registered new interface driver hub
[    8.073339] usbcore: registered new device driver usb
[    8.108213] PCI: Using ACPI for IRQ routing
[    8.140932] NetLabel: Initializing
[    8.177743] NetLabel:  domain hash size = 128
[    8.217682] NetLabel:  protocols = UNLABELED CIPSOv4
[    8.252157] NetLabel:  unlabeled traffic allowed by default
[    8.314823] amd_nb: Cannot enumerate AMD northbridges
[    8.346292] clocksource: Switched to clocksource kvm-clock
[    8.419352] AppArmor: AppArmor Filesystem Enabled
[    8.509232] pnp: PnP ACPI init
[    8.531885] pnp: PnP ACPI: found 3 devices
[    8.622062] clocksource: acpi_pm: mask: 0xffffff max_cycles: 0xffffff, max_idle_ns: 2085701024 ns
[    8.769942] NET: Registered protocol family 2
[    8.813346] TCP established hash table entries: 8192 (order: 4, 65536 bytes)
[    8.950783] TCP bind hash table entries: 8192 (order: 5, 131072 bytes)
[    9.015084] TCP: Hash tables configured (established 8192 bind 8192)
[    9.070320] UDP hash table entries: 512 (order: 2, 16384 bytes)
[    9.169088] UDP-Lite hash table entries: 512 (order: 2, 16384 bytes)
[    9.209797] NET: Registered protocol family 1
[    9.255504] pci 0000:00:00.0: Limiting direct PCI/PCI transfers
[    9.330774] pci 0000:00:01.0: Activating ISA DMA hang workarounds
[    9.419587] Trying to unpack rootfs image as initramfs...
[   11.128602] Freeing initrd memory: 10512K (ffff880036b68000 - ffff8800375ac000)
[   11.252410] RAPL PMU detected, API unit is 2^-32 Joules, 4 fixed counters 10737418240 ms ovfl timer
[   11.350935] hw unit of domain pp0-core 2^-0 Joules
[   11.388795] hw unit of domain package 2^-0 Joules
[   11.441380] hw unit of domain dram 2^-0 Joules
[   11.482189] hw unit of domain pp1-gpu 2^-0 Joules
[   11.518466] platform rtc_cmos: registered platform RTC device (no PNP device found)
[   11.525818] Scanning for low memory corruption every 60 seconds
[   11.558324] futex hash table entries: 512 (order: 3, 32768 bytes)
[   11.584581] audit: initializing netlink subsys (disabled)
[   11.585714] audit: type=2000 audit(1485909566.445:1): initialized
[   11.587211] Initialise system trusted keyring
[   11.588363] HugeTLB registered 2 MB page size, pre-allocated 0 pages
[   11.731203] zbud: loaded
[   11.780526] VFS: Disk quotas dquot_6.6.0
[   11.889946] VFS: Dquot-cache hash table entries: 512 (order 0, 4096 bytes)
[   11.961493] squashfs: version 4.0 (2009/01/31) Phillip Lougher
[   11.963022] fuse init (API version 7.23)
[   12.017646] Key type big_key registered
[   12.059472] Allocating IMA MOK and blacklist keyrings.
[   12.201366] Key type asymmetric registered
[   12.280773] Asymmetric key parser 'x509' registered
[   12.300145] Block layer SCSI generic (bsg) driver version 0.4 loaded (major 249)
[   12.320148] io scheduler noop registered
[   12.333276] io scheduler deadline registered (default)
[   12.356419] io scheduler cfq registered
[   12.410302] pci_hotplug: PCI Hot Plug PCI Core version: 0.5
[   12.469362] pciehp: PCI Express Hot Plug Controller Driver version: 0.4
[   12.547628] tsc: Refined TSC clocksource calibration: 2699.580 MHz
[   12.554865] ACPI: AC Adapter [AC] (off-line)
[   12.554951] input: Power Button as /devices/LNXSYSTM:00/LNXPWRBN:00/input/input0
[   12.554954] ACPI: Power Button [PWRF]
[   12.555096] input: Sleep Button as /devices/LNXSYSTM:00/LNXSLPBN:00/input/input1
[   12.555099] ACPI: Sleep Button [SLPF]
[   12.555332] GHES: HEST is not enabled!
[   12.567752] ACPI: Battery Slot [BAT0] (battery present)
[   12.568255] Serial: 8250/16550 driver, 32 ports, IRQ sharing enabled
[   12.602021] 00:02: ttyS0 at I/O 0x3f8 (irq = 4, base_baud = 115200) is a 16550A
[   12.618884] Linux agpgart interface v0.103
[   12.689693] brd: module loaded
[   12.690629] loop: module loaded
[   12.691362] scsi host0: ata_piix
[   12.691440] scsi host1: ata_piix
[   12.691478] ata1: PATA max UDMA/33 cmd 0x1f0 ctl 0x3f6 bmdma 0xd000 irq 14
[   12.691479] ata2: PATA max UDMA/33 cmd 0x170 ctl 0x376 bmdma 0xd008 irq 15
[   12.691584] libphy: Fixed MDIO Bus: probed
[   12.691588] tun: Universal TUN/TAP device driver, 1.6
[   12.691589] tun: (C) 1999-2004 Max Krasnyansky <maxk@qualcomm.com>
[   12.692093] PPP generic driver version 2.4.2
[   12.692202] ehci_hcd: USB 2.0 'Enhanced' Host Controller (EHCI) Driver
[   12.692209] ehci-pci: EHCI PCI platform driver
[   12.692229] ehci-platform: EHCI generic platform driver
[   12.692240] ohci_hcd: USB 1.1 'Open' Host Controller (OHCI) Driver
[   12.692244] ohci-pci: OHCI PCI platform driver
[   12.692254] ohci-platform: OHCI generic platform driver
[   12.692260] uhci_hcd: USB Universal Host Controller Interface driver
[   12.692316] i8042: PNP: PS/2 Controller [PNP0303:PS2K,PNP0f03:PS2M] at 0x60,0x64 irq 1,12
[   12.692758] serio: i8042 KBD port at 0x60,0x64 irq 1
[   12.692762] serio: i8042 AUX port at 0x60,0x64 irq 12
[   12.692857] mousedev: PS/2 mouse device common for all mice
[   12.693086] input: AT Translated Set 2 keyboard as /devices/platform/i8042/serio0/input/input2
[   12.693394] rtc_cmos rtc_cmos: rtc core: registered rtc_cmos as rtc0
[   12.693459] rtc_cmos rtc_cmos: alarms up to one day, 114 bytes nvram
[   12.693465] i2c /dev entries driver
[   12.693513] device-mapper: uevent: version 1.0.3
[   12.693560] device-mapper: ioctl: 4.34.0-ioctl (2015-10-28) initialised: dm-devel@redhat.com
[   12.693573] ledtrig-cpu: registered to indicate activity on CPUs
[   12.693790] NET: Registered protocol family 10
[   12.693911] NET: Registered protocol family 17
[   12.693922] Key type dns_resolver registered
[   12.694035] microcode: CPU0 sig=0x306d4, pf=0x40, revision=0x0
[   12.697766] microcode: CPU1 sig=0x306d4, pf=0x40, revision=0x0
[   12.697840] microcode: Microcode Update Driver: v2.01 <tigran@aivazian.fsnet.co.uk>, Peter Oruba
[   12.697958] registered taskstats version 1
[   12.697975] Loading compiled-in X.509 certificates
[   12.698582] Loaded X.509 cert 'Build time autogenerated kereel key: 6ffa6bfaa152a74cd2b6aa1e188cb999d8f5632b'
[   12.698599] zswap: loaded using pool lzo/zbud
[   12.699992] Key type trusted registered
[   12.701894] Key type encrypted registered
[   12.701898] AppArmor: AppArmor sha1 policy hashing enabled
[   12.701901] ima: No TPM chip found, activating TPM-bypass!
[   12.701921] evm: HMAC attrs: 0x1
[   12.702152]   Magic number: 5:178:657
[   12.702164] block ram10: hash matches
[   12.707537] rtc_cmos rtc_cmos: setting system clock to 2017-02-01 00:39:30 UTC (1485909570)
[   12.707616] BIOS EDD facility v0.16 2004-Jun-25, 0 devices found
[   12.707616] EDD information not available.
[   15.563117] clocksource: tsc: mask: 0xffffffffffffffff max_cycles: 0x26e9b1e0d62, max_idle_ns: 440795273922 ns
[   15.633037] Freeing unused kernel memory: 1488K (ffffffff81f44000 - ffffffff820b8000)
[   15.651548] Write protecting the kernel read-only data: 14336k
[   15.765807] Freeing unused kernel memory: 1792K (ffff880001840000 - ffff880001a00000)
[   15.847703] Freeing unused kernel memory: 136K (ffff880001dde000 - ffff880001e00000)
Loading, please [   15.918256] random: systemd-udevd: uninitialized urandom read (16 bytes read, 5 bits of entropy available)
wait...
startin[   15.918954] random: udevadm: uninitialized urandom read (16 bytes read, 5 bits of entropy available)
g version 229
[   15.918993] random: udevadm: uninitialized urandom read (16 bytes read, 5 bits of entropy available)
[   15.919087] random: udevadm: uninitialized urandom read (16 bytes read, 5 bits of entropy available)
[   15.919128] random: udevadm: uninitialized urandom read (16 bytes read, 5 bits of entropy available)
[   15.919166] random: udevadm: uninitialized urandom read (16 bytes read, 5 bits of entropy available)
[   15.919199] random: udevadm: uninitialized urandom read (16 bytes read, 5 bits of entropy available)
[   15.919230] random: udevadm: uninitialized urandom read (16 bytes read, 5 bits of entropy available)
[   15.919260] random: udevadm: uninitialized urandom read (16 bytes read, 5 bits of entropy available)
[   15.919293] random: udevadm: uninitialized urandom read (16 bytes read, 5 bits of entropy available)
[   16.654038] e1000: Intel(R) PRO/1000 Network Driver - version 7.3.21-k8-NAPI
[   16.720474] e1000: Copyright (c) 1999-2006 Intel Corporation.
[   16.758058] Fusion MPT base driver 3.04.20
[   16.761956] Copyright (c) 1999-2008 LSI Corporation
[   16.770377] Fusion MPT SPI Host driver 3.04.20
[   16.794863] AVX version of gcm_enc/dec engaged.
[   16.796093] AES CTR mode by8 optimization enabled
[   16.797425] mptbase: ioc0: Initiating bringup
[   16.879254] ioc0: LSI53C1030 A0: Capabilities={Initiator}
[   16.994984] input: ImExPS/2 Generic Explorer Mouse as /devices/platform/i8042/serio1/input/input4
[   17.104861] scsi host2: ioc0: LSI53C1030 A0, FwRev=00000000h, Ports=1, MaxQ=256, IRQ=20
[   17.358518] scsi 2:0:0:0: Direct-Access     VBOX     HARDDISK         1.0  PQ: 0 ANSI: 5
[   17.416035] scsi target2:0:0: Beginning Domain Validation
[   17.443320] scsi target2:0:0: Domain Validation skipping write tests
[   17.567984] scsi target2:0:0: Ending Domain Validation
[   17.590834] scsi target2:0:0: asynchronous
[   17.622462] scsi 2:0:1:0: Direct-Access     VBOX     HARDDISK         1.0  PQ: 0 ANSI: 5
[   17.645602] scsi target2:0:1: Beginning Domain Validation
[   17.647559] scsi target2:0:1: Domain Validation skipping write tests
[   17.666955] scsi target2:0:1: Ending Domain Validation
[   17.691682] scsi target2:0:1: asynchronous
[   17.806553] sd 2:0:0:0: Attached scsi generic sg0 type 0
[   17.819610] sd 2:0:0:0: [sda] 20971520 512-byte logical blocks: (10.7 GB/10.0 GiB)
[   17.821695] sd 2:0:0:0: [sda] Write Protect is off
[   17.835163] sd 2:0:1:0: [sdb] 20480 512-byte logical blocks: (10.5 MB/10.0 MiB)
[   17.860817] sd 2:0:1:0: Attached scsi generic sg1 type 0
[   17.866490] sd 2:0:0:0: [sda] Incomplete mode parameter data
[   17.870952] sd 2:0:0:0: [sda] Assuming drive cache: write through
[   17.872499] sd 2:0:1:0: [sdb] Write Protect is off
[   17.874930] sd 2:0:1:0: [sdb] Incomplete mode parameter data
[   17.879368] sd 2:0:1:0: [sdb] Assuming drive cache: write through
[   17.885193]  sda: sda1
[   17.888253] sd 2:0:0:0: [sda] Attached SCSI disk
[   17.900945] sd 2:0:1:0: [sdb] Attached SCSI disk
[   17.933296] e1000 0000:00:03.0 eth0: (PCI:33MHz:32-bit) 02:6d:90:52:c7:b2
[   18.010103] e1000 0000:00:03.0 eth0: Intel(R) PRO/1000 Network Connection
[   18.012579] e1000 0000:00:03.0 enp0s3: renamed from eth0
[   19.759388] floppy0: no floppy controllers found
Begin: Loading e[   21.175330] md: linear personality registered for level -1
ssential drivers ... [   21.214074] md: multipath personality registered for level -4
[   21.289179] md: raid0 personality registered for level 0
[   21.326591] md: raid1 personality registered for level 1
[   21.462313] raid6: sse2x1   gen()  9828 MB/s
[   21.570302] raid6: sse2x1   xor()  6885 MB/s
[   21.694832] raid6: sse2x2   gen() 11924 MB/s
[   21.782343] raid6: sse2x2   xor()  7750 MB/s
[   21.878829] raid6: sse2x4   gen() 12690 MB/s
[   21.982473] raid6: sse2x4   xor()  9479 MB/s
[   22.026088] raid6: using algorithm sse2x4 gen() 12690 MB/s
[   22.070806] raid6: .... xor() 9479 MB/s, rmw enabled
[   22.088663] raid6: using ssse3x2 recovery algorithm
[   22.091244] xor: automatically using best checksumming function:
[   22.154314]    avx       : 16609.000 MB/sec
[   22.231176] async_tx: api initialized (async)
[   22.261846] md: raid6 personality registered for level 6
[   22.315227] md: raid5 personality registered for level 5
[   22.351688] md: raid4 personality registered for level 4
[   22.357626] md: raid10 personality registered for level 10
done.
Begin: Running /scripts/init-premount ... done.
Begin: M[   22.454352] Btrfs loaded
ounting root file system ... Begin: Running /scripts/local-top ... done.
Begin: Running /scripts/local-premount ... Scanning for Btrfs filesystems
done.
Warning: fsck no[   22.506910] EXT4-fs (sda1): mounted filesystem with ordered data mode. Opts: (null)
t present, so skipping root file system
done.
Begin: Running /scripts/local-bottom ... done.
Begin: Running /scripts/init-bottom ... done.
[   22.646552] systemd[1]: systemd 229 running in system mode. (+PAM +AUDIT +SELINUX +IMA +APPARMOR +SMACK +SYSVINIT +UTMP +LIBCRYPTSETUP +GCRYPT +GNUTLS +ACL +XZ -LZ4 +SECCOMP +BLKID +ELFUTILS +KMOD -IDN)
[   22.837136] systemd[1]: Detected virtualization oracle.
[   22.980441] systemd[1]: Detected architecture x86-64.

Welcome to [1mUbuntu 16.04.1 LTS[0m!

[   23.179125] systemd[1]: Set hostname to <ubuntu>.
[   23.196639] systemd[1]: Initializing machine ID from random generator.
[   23.219224] systemd[1]: Installed transient /etc/machine-id file.
[   23.328289] systemd[1]: Created slice User and Session Slice.
[[0;32m  OK  [0m] Created slice User and Session Slice.
[   23.630829] systemd[1]: Listening on udev Kernel Socket.
[[0;32m  OK  [0m] Listening on udev Kernel Socket.
[   23.846814] systemd[1]: Listening on /dev/initctl Compatibility Named Pipe.
[[0;32m  OK  [0m] Listening on /dev/initctl Compatibility Named Pipe.
[   24.095008] systemd[1]: Listening on LVM2 metadata daemon socket.
[[0;32m  OK  [0m] Listening on LVM2 metadata daemon socket.
[   24.266634] systemd[1]: Set up automount Arbitrary Executable File Formats File System Automount Point.
[[0;32m  OK  [0m] Set up automount Arbitrary Executab...ats File System Automount Point.
[   24.294573] systemd[1]: Reached target Swap.
[[0;32m  OK  [0m] Reached target Swap.
[   24.314736] systemd[1]: Listening on LVM2 poll daemon socket.
[[0;32m  OK  [0m] Listening on LVM2 poll daemon socket.
[   24.498846] systemd[1]: Listening on Journal Socket (/dev/log).
[[0;32m  OK  [0m] Listening on Journal Socket (/dev/log).
[   24.831561] systemd[1]: Created slice System Slice.
[[0;32m  OK  [0m] Created slice System Slice.
[   25.034750] systemd[1]: Created slice system-serial\x2dgetty.slice.
[[0;32m  OK  [0m] Created slice system-serial\x2dgetty.slice.
[   25.259610] systemd[1]: Started Forward Password Requests to Wall Directory Watch.
[[0;32m  OK  [0m] Started Forward Password Requests to Wall Directory Watch.
[   25.345080] systemd[1]: Reached target Slices.
[[0;32m  OK  [0m] Reached target Slices.
[   25.362571] systemd[1]: Reached target Encrypted Volumes.
[[0;32m  OK  [0m] Reached target Encrypted Volumes.
[   25.389902] systemd[1]: Listening on udev Control Socket.
[[0;32m  OK  [0m] Listening on udev Control Socket.
[   25.518850] systemd[1]: Listening on Syslog Socket.
[[0;32m  OK  [0m] Listening on Syslog Socket.
[   25.815691] systemd[1]: Listening on Device-mapper event daemon FIFOs.
[[0;32m  OK  [0m] Listening on Device-mapper event daemon FIFOs.
[   25.938968] systemd[1]: Reached target User and Group Name Lookups.
[[0;32m  OK  [0m] Reached target User and Group Name Lookups.
[   26.189409] systemd[1]: Listening on Journal Socket.
[[0;32m  OK  [0m] Listening on Journal Socket.
[   26.359349] systemd[1]: Starting Monitoring of LVM2 mirrors, snapshots etc. using dmeventd or progress polling...
[   26.359882] random: nonblocking pool is initialized
         Starting Monitoring of LVM2 mirrors... dmeventd or progress polling...
[   26.495221] systemd[1]: Mounting Debug File System...
         Mounting Debug File System...
[   26.590953] systemd[1]: Starting Load Kernel Modules...
[   26.599383] Loading iSCSI transport class v2.0-870.
         Startin[   26.705128] iscsi: registered transport (tcp)
g Load Kernel Modules...
[   26.729896] iscsi: registered transport (iser)
[   26.834585] systemd[1]: Starting Remount Root and Kernel File Systems...
[   26.838064] EXT4-fs (sda1): re-mounted. Opts: (null)
         Starting Remount Root and Kernel File Systems...
[   26.987387] systemd[1]: Starting Uncomplicated firewall...
         Starting Uncomplicated firewall...
[   27.046569] systemd[1]: Mounting Huge Pages File System...
         Mounting Huge Pages File System...
[   27.203335] systemd[1]: Starting Create list of required static device nodes for the current kernel...
         Starting Create list of required st... nodes for the current kernel...
[   27.546488] systemd[1]: Mounting POSIX Message Queue File System...
         Mounting POSIX Message Queue File System...
[   27.670800] systemd[1]: Starting Set console keymap...
         Starting Set console keymap...
[   27.723373] systemd[1]: Starting Nameserver information manager...
         Starting Nameserver information manager...
[   27.801011] systemd[1]: Listening on Journal Audit Socket.
[[0;32m  OK  [0m] Listening on Journal Audit Socket.
[   27.862585] systemd[1]: Starting Journal Service...
         Starting Journal Service...
[   27.916030] systemd[1]: Mounted Debug File System.
[[0;32m  OK  [0m] Mounted Debug File System.
[   27.990639] systemd[1]: Mounted POSIX Message Queue File System.
[[0;32m  OK  [0m] Mounted POSIX Message Queue File System.
[   28.170865] systemd[1]: Mounted Huge Pages File System.
[[0;32m  OK  [0m] Mounted Huge Pages File System.
[   28.315213] systemd[1]: Started Journal Service.
[[0;32m  OK  [0m] Started Journal Service.
[[0;32m  OK  [0m] Started Load Kernel Modules.
[[0;32m  OK  [0m] Started Remount Root and Kernel File Systems.
[[0;32m  OK  [0m] Started Uncomplicated firewall.
[[0;32m  OK  [0m] Started Create list of required sta...ce nodes for the current kernel.
[[0;32m  OK  [0m] Started Set console keymap.
[[0;32m  OK  [0m] Started Nameserver information manager.
[[0;32m  OK  [0m] Started LVM2 metadata daemon.
         Starting Create Static Device Nodes in /dev...
         Starting Load/Save Random Seed...
         Starting udev Coldplug all Devices...
         Starting Initial cloud-init job (pre-networking)...
         Starting Apply Kernel Variables...
         Mounting FUSE Control File System...
         Starting Flush Journal to Persistent Storage...
[[0;32m  OK  [0m] Mounted FUSE Control File System.
[[0;32m  OK  [0m] Started Create Static Device Nodes in /dev.
[[0;32m  OK  [0m] Started Monitoring of LVM2 mirrors,...ng dmeventd or progress polling.
[[0;32m  OK  [0m] Started Load/Save Random Seed.
[[0;32m  OK  [0m] Started Apply Kernel Variables.
[[0;32m  OK  [0m] Started udev Coldplug all Devices.
[[0;32m  OK  [0m] Started Flush Journal to Persistent Storage.
         Starting udev Kernel Device Manager...
[[0;32m  OK  [0m] Started udev Kernel Device Manager.
[[0;32m  OK  [0m] Reached target Local File Systems (Pre).
[[0;32m  OK  [0m] Reached target Local File Systems.
         Starting Tell Plymouth To Write Out Runtime Data...
         Starting Commit a transient machine-id on disk...
         Starting LSB: AppArmor initialization...
         Starting Set console font and keymap...
         Starting Create Volatile Files and Directories...
[[0;32m  OK  [0m] Started Dispatch Password Requests to Console Directory Watch.
[[0;32m  OK  [0m] Started Tell Plymouth To Write Out Runtime Data.
[[0;32m  OK  [0m] Started Commit a transient machine-id on disk.
[[0;32m  OK  [0m] Started Create Volatile Files and Directories.
[[0;32m  OK  [0m] Found device /dev/ttyS0.
[[0;32m  OK  [0m] Reached target System Time Synchronized.
         Starting Update UTMP about System Boot/Shutdown...
[[0;32m  OK  [0m] Started Update UTMP about System Boot/Shutdown.
[   22.005372] cloud-init[478]: Cloud-init v. 0.7.8 running 'init-local' at Wed, 01 Feb 2017 00:39:47 +0000. Up 21.55 seconds.
[[0;32m  OK  [0m] Started Initial cloud-init job (pre-networking).
[[0;32m  OK  [0m] Reached target Network (Pre).
[[0;32m  OK  [0m] Listening on Load/Save RF Kill Switch Status /dev/rfkill Watch.
[[0;32m  OK  [0m] Started LSB: AppArmor initialization.
         Starting Raise network interfaces...
[[0;32m  OK  [0m] Started Set console font and keymap.
[[0;32m  OK  [0m] Created slice system-getty.slice.
[[0;32m  OK  [0m] Started Raise network interfaces.
         Starting Initial cloud-init job (metadata service crawler)...
[[0;32m  OK  [0m] Reached target Network.
[   25.622641] cloud-init[1044]: Cloud-init v. 0.7.8 running 'init' at Wed, 01 Feb 2017 00:39:50 +0000. Up 25.13 seconds.
[[0;32m  OK  [0m] Started Initial cloud-init job (metadata service crawler).
[[0;32m  OK  [0m] Reached target Network is Online.
[   25.702689] cloud-init[1044]: ci-info: +++++++++++++++++++++++++++++++++++++Net device info++++++++++++++++++++++++++++++++++++++
[   25.864773]          cloud-initStarting iSCSI initiator daemon (iscsid)...[1044]: 
ci-info: +--------+------+----------------------------+---------------+-------+-------------------+
[   25.870562] [cloud-init[0;32m  OK  [0m[1044]: ] ci-info: | Device |  Up  |          Address           |      Mask     | Scope |     Hw-Address    |Reached target Cloud-config availability.

[[0;32m  OK  [0m] Reached target System Initialization.
[[0;32m  OK  [0m] Listening on ACPID Listen Socket.
[   25.871056] cloud-init[1044]: ci-info: +--------+------+----------------------------+---------------+-------+-------------------+
[   26.180940]          cloud-initStarting Socket activation for snappy daemon.[1044]: 
ci-info: | enp0s3 | True |         10.0.2.15          | 255.255.255.0 |   .   | 02:6d:90:52:c7:b2 |
[   26.304422]          cloud-initStarting LXD - unix socket.[1044]: 
ci-info: | enp0s3 | True | fe80::6d:90ff:fe52:c7b2/64 |       .       |  link | 02:6d:90:52:c7:b2 |
[   26.412286] [cloud-init[0;32m  OK  [0m[1044]: ] ci-info: |   lo   | True |         127.0.0.1          |   255.0.0.0   |   .   |         .         |Started Daily Cleanup of Temporary Directories.

[[0;32m  OK  [0m] Started Timer to automatically refresh installed snaps.
[[0;32m  OK  [0m] Started Trigger resolvconf update for networkd DNS.
[   26.413180] cloud-init[1044]: ci-info: |   lo   | True |          ::1/128           |       .       |  host |         .         |
[   26.577314] [cloud-init[0;32m  OK  [0m[1044]: ] ci-info: +--------+------+----------------------------+---------------+-------+-------------------+Started ACPI Events Check.

[   26.577831] [cloud-init[0;32m  OK  [0m[1044]: ] ci-info: +++++++++++++++++++++++++++Route IPv4 info++++++++++++++++++++++++++++Reached target Paths.

[   26.657200] [cloud-init[0;32m  OK  [0m[1044]: ] ci-info: +-------+-------------+----------+---------------+-----------+-------+Listening on UUID daemon activation socket.

[[0;32m  OK  [0m] Listening on D-Bus System Message Bus Socket.
[[0;32m  OK  [0m] Started Daily apt activities.
[   26.657665] cloud-init[1044]: ci-info: | Route | Destination | Gateway  |    Genmask    | Interface | Flags |
[   26.796423] [cloud-init[0;32m  OK  [0m[1044]: ] Reached target Timers.
ci-info: +-------+-------------+----------+---------------+-----------+-------+
[   26.855049] [cloud-init[0;32m  OK  [0m[1044]: ] ci-info: |   0   |   0.0.0.0   | 10.0.2.2 |    0.0.0.0    |   enp0s3  |   UG  |Listening on Socket activation for snappy daemon.

[[0;32m  OK  [0m] Listening on LXD - unix socket.
[   26.855539] cloud-init[1044]: ci-info: |   1   |   10.0.2.0  | 0.0.0.0  | 255.255.255.0 |   enp0s3  |   U   |
[[0;32m  OK  [0m] Started iSCSI initiator daemon (iscsid).
[   26.909229] cloud-init[1044]: ci-info: +-------+-------------+----------+---------------+-----------+-------+
         Starting Login to default iSCSI targets...
[[0;32m  OK  [0m] Reached target Sockets.
[[0;32m  OK  [0m] Reached target Basic System.
[   27.047548] cloud-init[1044]: Generating public/private rsa key pair.
[   27.086433] cloud-init[1044]: Your identification has been saved in /etc/ssh/ssh_host_rsa_key.
[   27.086816] cloud-init[1044]: Your public key has been saved in /etc/ssh/ssh_host_rsa_key.pub.
         Starting System Logging Service...
[   27.087012] cloud-init[1044]: The key fingerprint is:
[   27.176514] cloud-init[1044]: SHA256:JFjh4rIFPE6oLx7nTrDhzwlIF2j+K04iBBC+4UBKXgc root@ubuntu-xenial
[   27.176836] cloud-init[1044]: The key's randomart image is:
         Starting Login Service...
[   27.177007] cloud-init[1044]: +---[RSA 2048]----+
[   27.239497] cloud-init[1044]: |o+ E..o.         |
[   27.239735] cloud-init[1044]: |Boo .+           |
[[0;32m  OK  [0m] Started Regular background program processing daemon.
[   27.239847] cloud-init[1044]: |=*=.o o .        |
[   27.344378] cloud-init[1044]: |Boo+.. o         |
[   27.344690] cloud-init[1044]: |.Oo.o   S        |
         Starting /etc/rc.local Compatibility...
[   27.344856] cloud-init[1044]: |=.*+             |
[   27.464688] cloud-init[1044]: |=*o+             |
[   27.465030] cloud-init[1044]: |=oO o            |
[[0;32m  OK  [0m] Started FUSE filesystem for LXC.
[   27.465328] cloud-init[1044]: |.ooB             |
[   27.572369] cloud-init[1044]: +----[SHA256]-----+
         Starting Apply the settings specified in cloud-config...
[   27.572821] cloud-init[1044]: Generating public/private dsa key pair.
[   27.668534] cloud-init[1044]: Your identification has been saved in /etc/ssh/ssh_host_dsa_key.
[   27.668907] cloud-init[1044]: Your public key has been saved in /etc/ssh/ssh_host_dsa_key.pub.
         Starting LSB: MD monitoring daemon...
[   27.669065] cloud-init[1044]: The key fingerprint is:
[   27.748981] cloud-init[1044]: SHA256:708VsCqPDbjxFLfRQNZ58xNf4Tc6TGJKCJ1DPq8CVYs root@ubuntu-xenial
[   27.749428] cloud-init[1044]: The key's randomart image is:
         Starting Accounts Service...
[   27.749618] cloud-init[1044]: +---[DSA 1024]----+
         Starting LXD - container startup/shutdown...
[   27.839423] cloud-init[1044]: |     .oo..+... ..|
         Starting LSB: Record successful boot for GRUB...
[   27.890607] cloud-init[1044]: |      =+o. ooo+..|
[   27.915866] cloud-init[1044]: |     E =o.oooo.==|
[   27.919679] cloud-init[1044]: |    .  .+oo++ .o=|
[   27.932569] [[0;32m  OK  [0m] Started Deferred execution scheduler.
cloud-init[1044]: |   .  o Soo  +. .|
         Starting Pollinate to seed the pseudo random number generator...
[   27.953673] cloud-init[1044]: |    .  =.B   ..  |
[   27.976478] cloud-init[1044]: |     ...o + .    |
[[0;32m  OK  [0m] Started D-Bus System Message Bus.
[   27.988082] cloud-init[1044]: |      .  . .     |
[   28.013075] cloud-init[1044]: |          ...    |
[   28.015995] cloud-init[1044]: +----[SHA256]-----+
[   28.017723] cloud-init[1044]: Generating public/private ecdsa key pair.
[   28.021463] cloud-init[1044]: Your identification has been saved in /etc/ssh/ssh_host_ecdsa_key.
[   28.027070] cloud-init[1044]: Your public key has been saved in /etc/ssh/ssh_host_ecdsa_key.pub.
[[0;32m  OK  [0m] Started ACPI event daemon.
[[0;32m  OK  [0m] Started Snappy daemon.
         Starting Auto import assertions from block devices...
[[0;32m  OK  [0m] Started System Logging Service.
[[0;32m  OK  [0m] Started /etc/rc.local Compatibility.
[[0;32m  OK  [0m] Started LXD - container startup/shutdown.
[[0;32m  OK  [0m] Started Auto import assertions from block devices.
[   28.042835] cloud-init[1044]: The key fingerprint is:
[   28.121380] cloud-init[1044]: SHA256:re+FpYkCcq6VYc/7cEICzoL+TfZgXOGp7uiSS31Ry8k root@ubuntu-xenial
[   28.140949] cloud-init[1044]: The key's randomart image is:
[   28.145378] cloud-init[1044]: +---[ECDSA 256]---+
[   28.150421] cloud-init[1044]: |                 |
[   28.152926] cloud-init[1044]: |                 |
[   28.157535] cloud-init[1044]: |  .    o         |
[   28.162585] cloud-init[1044]: |.o .  = =.       |
[   28.176710] cloud-init[1044]: |o + *..ES . .    |
[   28.188627] cloud-init[1044]: |...=.O+  o =     |
[   28.193551] cloud-init[1044]: | o..+O* + + .    |
[   28.215595] cloud-init[1044]: |.o.oO o* . .     |
[   28.236571] [[0;32m  OK  [0m] Started Login to default iSCSI targets.
cloud-init[1044]: | .=+.+.o..o      |
[   28.259053] cloud-init[1044]: +----[SHA256]-----+
[   28.263819] cloud-init[1044]: Generating public/private ed25519 key pair.
[[0;32m  OK  [0m] Started LSB: Record successful boot for GRUB.
[   28.269784] [cloud-init[0;32m  OK  [0m[1044]: ] Your identification has been saved in /etc/ssh/ssh_host_ed25519_key.Started LSB: MD monitoring daemon.

[   28.293430] [[0;32m  OK  [0m] Started Login Service.
cloud-init[1044]: Your public key has been saved in /etc/ssh/ssh_host_ed25519_key.pub.         Starting Authenticate and Authorize Users to Run Privileged Tasks...
[[0;32m  OK  [0m] Reached target Remote File Systems (Pre).
[[0;32m  OK  [0m] Reached target Remote File Systems.
         Starting LSB: automatic crash report generation...
         Starting LSB: daemon to balance interrupts for SMP systems...
         Starting Permit User Sessions...
         Starting LSB: VirtualBox Linux Additions...
         Starting LSB: Set the CPU Frequency Scaling governor to "ondemand"...
[[0;32m  OK  [0m] Started Permit User Sessions.
         Starting Hold until boot process finishes up...
         Starting Terminate Plymouth Boot Screen...

[   28.389100] [cloud-init[0;32m  OK  [0m[1044]: ] The key fingerprint is:Started LSB: Set the CPU Frequency Scaling governor to "ondemand".

[[0;32m  OK  [0m] Started Hold until boot process finishes up.
[[0;32m  OK  [0m] Started Terminate Plymouth Boot Screen.
[   28.396800] cloud-init[1044]: SHA256:lbQKQqIByKgnlXT2czvww4DKGkMHD8eroBTRtC94WL4 root@ubuntu-xenial         Starting Set console scheme...
[[0;32m  OK  [0m] Started Serial Getty on ttyS0.
[[0;32m  OK  [0m] Started Getty on tty1.
[[0;32m  OK  [0m] Reached target Login Prompts.

[   28.461892] cloud-init[1044]: The key's randomart image is:[[0;32m  OK  [0m] Started Set console scheme.

[   28.470301] cloud-init[1044]: +--[ED25519 256]--+
[   28.484381] [cloud-init[0;32m  OK  [0m[1044]: ] |B=B++     .      |Started Authenticate and Authorize Users to Run Privileged Tasks.

[   28.497021] [[0;32m  OK  [0m] Started Accounts Service.
cloud-init[1044]: |o=BB.o   . o     |[[0;32m  OK  [0m] Started LSB: daemon to balance interrupts for SMP systems.

[   28.512181] cloud-init[1044]: |oo.=+ * . +      |
[   28.522018] cloud-init[1044]: |=oBo.. O +       |
[[0;32m  OK  [0m] Started LSB: automatic crash report generation.
[   28.532357] cloud-init[1044]: |*=++ .  S        |
[   28.555630] cloud-init[1044]: |.=. o    o       |
[   28.572575] cloud-init[1044]: |.  E             |
[   28.579102] cloud-init[1044]: |                 |
[[0;32m  OK  [0m] Started LSB: VirtualBox Linux Additions.
[   28.595010] cloud-init[1044]: |                 |
[   28.634897] cloud-init[1044]: +----[SHA256]-----+
[   28.696606] cloud-init[1160]: Generating locales (this might take a while)...
[[0;32m  OK  [0m] Started Pollinate to seed the pseudo random number generator.
         Starting OpenBSD Secure Shell server...
[[0;32m  OK  [0m] Started OpenBSD Secure Shell server.
[[0;32m  OK  [0m] Reached target Multi-User System.
[[0;32m  OK  [0m] Reached target Graphical Interface.
         Starting Update UTMP about System Runlevel Changes...
[[0;32m  OK  [0m] Started Update UTMP about System Runlevel Changes.
[   29.782384] cloud-init[1160]:   en_US.UTF-8... done
[   29.792978] cloud-init[1160]: Generation complete.
         Stopping OpenBSD Secure Shell server...
[[0;32m  OK  [0m] Stopped OpenBSD Secure Shell server.
         Starting OpenBSD Secure Shell server...
[[0;32m  OK  [0m] Started OpenBSD Secure Shell server.
[[0;32m  OK  [0m] Created slice User Slice of ubuntu.
         Starting User Manager for UID 1000...
[[0;32m  OK  [0m] Started Session 1 of user ubuntu.
[[0;32m  OK  [0m] Started User Manager for UID 1000.
[   30.242019] cloud-init[1160]: Cloud-init v. 0.7.8 running 'modules:config' at Wed, 01 Feb 2017 00:39:53 +0000. Up 28.35 seconds.
[[0;32m  OK  [0m] Started Apply the settings specified in cloud-config.
         Starting Execute cloud user/final scripts...
ci-info: no authorized ssh keys fingerprints found for user ubuntu.
<14>Feb  1 00:39:56 ec2: 
<14>Feb  1 00:39:56 ec2: #############################################################
<14>Feb  1 00:39:56 ec2: -----BEGIN SSH HOST KEY FINGERPRINTS-----
<14>Feb  1 00:39:56 ec2: 1024 SHA256:708VsCqPDbjxFLfRQNZ58xNf4Tc6TGJKCJ1DPq8CVYs root@ubuntu-xenial (DSA)
<14>Feb  1 00:39:56 ec2: 256 SHA256:re+FpYkCcq6VYc/7cEICzoL+TfZgXOGp7uiSS31Ry8k root@ubuntu-xenial (ECDSA)
<14>Feb  1 00:39:56 ec2: 256 SHA256:lbQKQqIByKgnlXT2czvww4DKGkMHD8eroBTRtC94WL4 root@ubuntu-xenial (ED25519)
<14>Feb  1 00:39:56 ec2: 2048 SHA256:JFjh4rIFPE6oLx7nTrDhzwlIF2j+K04iBBC+4UBKXgc root@ubuntu-xenial (RSA)
<14>Feb  1 00:39:56 ec2: -----END SSH HOST KEY FINGERPRINTS-----
<14>Feb  1 00:39:56 ec2: #############################################################
-----BEGIN SSH HOST KEY KEYS-----
ecdsa-sha2-nistp256 AAAAE2VjZHNhLXNoYTItbmlzdHAyNTYAAAAIbmlzdHAyNTYAAABBBB9TKMxHKJFtpHV/lMWFqxS30+BEE9L/dgcyIdoh/bZ2wBlPQ2PJDDUcDBmn3SkPCanFuqgSrCxYYd33Pwna9Ew= root@ubuntu-xenial
ssh-ed25519 AAAAC3NzaC1lZDI1NTE5AAAAIFjQoozBVUvf/WSbCYNGGn7aqRW+ksgcxgVducCCHp7b root@ubuntu-xenial
ssh-rsa AAAAB3NzaC1yc2EAAAADAQABAAABAQDLbn09JqYqIs/cixCgy4cvDflfXCZAAi/bijEW8N+ASRbkCUN/WBYqSt05l2VGx3auPw7302g2ksIhRqjDtOdSbeFbIZh03+gvaf8DXLQxzeq3ZvtbNkFZ7Jw8PPeBCOskXsAzZITfbxJecjgL7WqNeL8jDI0Wg/lg2bfGG+iIr0SUuuQiclKM5VaF1sh5BQXsKcrNSAgBlruwSXdo5V4KcjrDnhe/BHg5I4WglNR0hQWPmHk6fq+k2NMmytJgxNT9XvXsvWfsis2nVGyEm/S36ytyIREyOPU4X65CTvynAg4QSy8gkxAvNOyP4NhEV5aNVhio7b12VJT/iI45JXZ5 root@ubuntu-xenial
-----END SSH HOST KEY KEYS-----
[   31.243676] cloud-init[1453]: Cloud-init v. 0.7.8 running 'modules:final' at Wed, 01 Feb 2017 00:39:56 +0000. Up 30.84 seconds.
[   31.268410] cloud-init[1453]: ci-info: no authorized ssh keys fingerprints found for user ubuntu.
[   31.280496] cloud-init[1453]: Cloud-init v. 0.7.8 finished at Wed, 01 Feb 2017 00:39:56 +0000. Datasource DataSourceNoCloud [seed=/dev/sdb][dsmode=net].  Up 31.23 seconds
[[0;32m  OK  [0m] Started Execute cloud user/final scripts.
[[0;32m  OK  [0m] Reached target Cloud-init target.

Ubuntu 16.04.1 LTS ubuntu-xenial ttyS0

ubuntu-xenial login: 